2025-05-21 12:54:26,948 [INFO] [MainThread] [root/log.py:59]: Yasb v1.7.4
2025-05-21 12:54:26,949 [INFO] [Thread-1 (_run_server)] [cli_server/cli_server.py:212]: CLI server started v1.1.1
2025-05-21 12:54:26,950 [INFO] [MainThread] [cli_server/cli_server.py:104]: Log pipe server started
2025-05-21 12:54:27,008 [INFO] [MainThread] [root/config.py:61]: Created default config file at C:\Users\taylo\.config\yasb\config.yaml
2025-05-21 12:54:27,089 [INFO] [MainThread] [root/config.py:75]: Created default stylesheet at C:\Users\taylo\.config\yasb\styles.css
2025-05-21 13:00:15,103 [DEBUG] [MainThread] [tzlocal/win32.py:55]: Looking up time zone info from registry
2025-05-21 13:00:19,071 [ERROR] [MainThread] [root/weather.py:168]: API key or location is missing. Please provide a valid API key and location.
2025-05-21 13:00:19,151 [DEBUG] [MainThread] [comtypes/__init__.py:149]: CoInitializeEx(None, 2)
2025-05-21 13:00:22,384 [INFO] [MainThread] [root/watcher.py:55]: Created file watcher for path C:\Users\taylo\.config\yasb
2025-05-21 13:00:22,401 [INFO] [Dummy-5] [root/event_listener.py:53]: Created named pipe yasb-ca9a1599-3632-11f0-b03b-744ca1d6ad5c
2025-05-21 13:00:22,443 [DEBUG] [MainThread] [qasync._windows._EventPoller/_windows.py:213]: Starting (proactor: <_IocpProactor overlapped#=0 result#=0>)...
2025-05-21 13:00:22,444 [DEBUG] [Dummy-8] [qasync._windows._EventWorker/_windows.py:192]: Thread started
2025-05-21 13:00:22,966 [INFO] [Dummy-5] [root/event_listener.py:125]: Komorebi connected to named pipe: yasb-ca9a1599-3632-11f0-b03b-744ca1d6ad5c
2025-05-21 13:02:20,015 [INFO] [MainThread] [root/log.py:59]: Yasb v1.7.4
2025-05-21 13:02:20,017 [INFO] [Thread-1 (_run_server)] [cli_server/cli_server.py:212]: CLI server started v1.1.1
2025-05-21 13:02:20,017 [INFO] [MainThread] [cli_server/cli_server.py:104]: Log pipe server started
2025-05-21 13:02:20,017 [ERROR] [MainThread] [root/main.py:35]: Another instance of the YASB is already running.
2025-05-21 13:02:27,552 [INFO] [MainThread] [root/log.py:59]: Yasb v1.7.4
2025-05-21 13:02:27,553 [INFO] [Thread-1 (_run_server)] [cli_server/cli_server.py:212]: CLI server started v1.1.1
2025-05-21 13:02:27,553 [INFO] [MainThread] [cli_server/cli_server.py:104]: Log pipe server started
2025-05-21 13:02:27,553 [ERROR] [MainThread] [root/main.py:35]: Another instance of the YASB is already running.
2025-05-21 13:02:47,501 [INFO] [MainThread] [root/log.py:59]: Yasb v1.7.4
2025-05-21 13:02:47,502 [INFO] [Thread-1 (_run_server)] [cli_server/cli_server.py:212]: CLI server started v1.1.1
2025-05-21 13:02:47,503 [INFO] [MainThread] [cli_server/cli_server.py:104]: Log pipe server started
2025-05-21 13:06:33,502 [DEBUG] [MainThread] [tzlocal/win32.py:55]: Looking up time zone info from registry
2025-05-21 13:06:33,756 [ERROR] [MainThread] [root/weather.py:168]: API key or location is missing. Please provide a valid API key and location.
2025-05-21 13:06:33,762 [DEBUG] [MainThread] [comtypes/__init__.py:149]: CoInitializeEx(None, 2)
2025-05-21 13:06:34,846 [INFO] [MainThread] [root/watcher.py:55]: Created file watcher for path C:\Users\taylo\.config\yasb
2025-05-21 13:06:34,859 [INFO] [Dummy-5] [root/event_listener.py:53]: Created named pipe yasb-a89b115a-3633-11f0-b101-744ca1d6ad5c
2025-05-21 13:06:34,915 [DEBUG] [MainThread] [qasync._windows._EventPoller/_windows.py:213]: Starting (proactor: <_IocpProactor overlapped#=0 result#=0>)...
2025-05-21 13:06:34,917 [DEBUG] [Dummy-8] [qasync._windows._EventWorker/_windows.py:192]: Thread started
2025-05-21 13:06:34,975 [INFO] [Dummy-5] [root/event_listener.py:125]: Komorebi connected to named pipe: yasb-a89b115a-3633-11f0-b101-744ca1d6ad5c
2025-05-21 13:07:08,226 [INFO] [MainThread] [root/log.py:59]: Yasb v1.7.4
2025-05-21 13:07:08,227 [INFO] [Thread-1 (_run_server)] [cli_server/cli_server.py:212]: CLI server started v1.1.1
2025-05-21 13:07:08,228 [INFO] [MainThread] [cli_server/cli_server.py:104]: Log pipe server started
2025-05-21 13:07:13,844 [DEBUG] [MainThread] [tzlocal/win32.py:55]: Looking up time zone info from registry
2025-05-21 13:07:14,004 [ERROR] [MainThread] [root/weather.py:168]: API key or location is missing. Please provide a valid API key and location.
2025-05-21 13:07:14,007 [DEBUG] [MainThread] [comtypes/__init__.py:149]: CoInitializeEx(None, 2)
2025-05-21 13:07:14,860 [INFO] [MainThread] [root/watcher.py:55]: Created file watcher for path C:\Users\taylo\.config\yasb
2025-05-21 13:07:14,871 [INFO] [Dummy-5] [root/event_listener.py:53]: Created named pipe yasb-c074b95b-3633-11f0-b597-744ca1d6ad5c
2025-05-21 13:07:14,910 [DEBUG] [MainThread] [qasync._windows._EventPoller/_windows.py:213]: Starting (proactor: <_IocpProactor overlapped#=0 result#=0>)...
2025-05-21 13:07:14,912 [DEBUG] [Dummy-8] [qasync._windows._EventWorker/_windows.py:192]: Thread started
2025-05-21 13:07:14,977 [INFO] [Dummy-5] [root/event_listener.py:125]: Komorebi connected to named pipe: yasb-c074b95b-3633-11f0-b597-744ca1d6ad5c
