2025-05-24 16:41:44,841 [INFO] [MainThread] [root/log.py:59]: Yasb v1.7.4
2025-05-24 16:41:44,841 [INFO] [Thread-1 (_run_server)] [cli_server/cli_server.py:212]: CLI server started v1.1.1
2025-05-24 16:41:44,841 [INFO] [MainThread] [cli_server/cli_server.py:104]: Log pipe server started
2025-05-24 16:41:44,864 [INFO] [MainThread] [root/config.py:61]: Created default config file at C:\Users\taylo\.config\yasb\config.yaml
2025-05-24 16:41:44,884 [INFO] [MainThread] [root/config.py:75]: Created default stylesheet at C:\Users\taylo\.config\yasb\styles.css
2025-05-24 16:41:45,210 [DEBUG] [MainThread] [tzlocal/win32.py:55]: Looking up time zone info from registry
2025-05-24 16:41:46,426 [ERROR] [MainThread] [root/weather.py:168]: API key or location is missing. Please provide a valid API key and location.
2025-05-24 16:41:46,448 [DEBUG] [MainThread] [comtypes/__init__.py:149]: CoInitializeEx(None, 2)
2025-05-24 16:41:47,115 [ERROR] [MainThread] [root/weather.py:168]: API key or location is missing. Please provide a valid API key and location.
2025-05-24 16:41:47,175 [INFO] [MainThread] [root/watcher.py:55]: Created file watcher for path C:\Users\taylo\.config\yasb
2025-05-24 16:41:47,369 [INFO] [Dummy-5] [root/event_listener.py:53]: Created named pipe yasb-38316e45-38ad-11f0-91f9-38d57a9b2324
2025-05-24 16:41:47,386 [DEBUG] [MainThread] [qasync._windows._EventPoller/_windows.py:213]: Starting (proactor: <_IocpProactor overlapped#=0 result#=0>)...
2025-05-24 16:41:47,388 [DEBUG] [Dummy-8] [qasync._windows._EventWorker/_windows.py:192]: Thread started
2025-05-24 16:41:47,570 [INFO] [Dummy-5] [root/event_listener.py:125]: Komorebi connected to named pipe: yasb-38316e45-38ad-11f0-91f9-38d57a9b2324
2025-05-24 16:42:32,899 [ERROR] [MainThread] [root/config.py:110]: The config file 'C:\Users\taylo\.config\yasb\config.yaml' contains validation errors. Please fix:
widgets:
- calendar:
  - null value not allowed

2025-05-24 16:43:21,773 [INFO] [MainThread] [root/controller.py:12]: Reloading Application because of config update...
2025-05-24 16:43:21,888 [INFO] [MainThread] [cli_server/cli_server.py:112]: Log pipe server stopped
2025-05-24 16:43:21,888 [DEBUG] [MainThread] [cli_server/cli_server.py:206]: CLI server stopped
2025-05-24 16:43:22,136 [INFO] [MainThread] [root/log.py:59]: Yasb v1.7.4
2025-05-24 16:43:22,137 [INFO] [Thread-1 (_run_server)] [cli_server/cli_server.py:212]: CLI server started v1.1.1
2025-05-24 16:43:22,137 [INFO] [MainThread] [cli_server/cli_server.py:104]: Log pipe server started
2025-05-24 16:43:22,329 [DEBUG] [MainThread] [comtypes/__init__.py:149]: CoInitializeEx(None, 2)
2025-05-24 16:43:22,376 [WARNING] [MainThread] [root/widget_builder.py:38]: No widget config could be found for widget 'calendar
2025-05-24 16:43:22,388 [DEBUG] [MainThread] [tzlocal/win32.py:55]: Looking up time zone info from registry
2025-05-24 16:43:22,635 [WARNING] [MainThread] [root/widget_builder.py:35]: Ignoring construction of invalid widget 'calendar'
2025-05-24 16:43:22,731 [ERROR] [MainThread] [root/widget_builder.py:77]: Failed to add undefined widget(s)  - The widget "calendar" is undefined.
2025-05-24 16:43:22,755 [INFO] [Dummy-3] [root/event_listener.py:53]: Created named pipe yasb-71264515-38ad-11f0-a759-38d57a9b2324
2025-05-24 16:43:22,876 [INFO] [Dummy-3] [root/event_listener.py:125]: Komorebi connected to named pipe: yasb-71264515-38ad-11f0-a759-38d57a9b2324
2025-05-24 16:43:55,058 [INFO] [MainThread] [root/log.py:59]: Yasb v1.7.4
2025-05-24 16:43:55,058 [INFO] [Thread-1 (_run_server)] [cli_server/cli_server.py:212]: CLI server started v1.1.1
2025-05-24 16:43:55,060 [INFO] [MainThread] [cli_server/cli_server.py:104]: Log pipe server started
2025-05-24 16:43:55,154 [DEBUG] [MainThread] [comtypes/__init__.py:149]: CoInitializeEx(None, 2)
2025-05-24 16:43:55,207 [DEBUG] [MainThread] [tzlocal/win32.py:55]: Looking up time zone info from registry
2025-05-24 16:43:55,731 [INFO] [MainThread] [root/watcher.py:55]: Created file watcher for path C:\Users\taylo\.config\yasb
2025-05-24 16:43:55,764 [INFO] [Dummy-5] [root/event_listener.py:53]: Created named pipe yasb-84d186de-38ad-11f0-93e4-38d57a9b2324
2025-05-24 16:43:55,816 [DEBUG] [MainThread] [qasync._windows._EventPoller/_windows.py:213]: Starting (proactor: <_IocpProactor overlapped#=0 result#=0>)...
2025-05-24 16:43:55,816 [INFO] [Dummy-5] [root/event_listener.py:125]: Komorebi connected to named pipe: yasb-84d186de-38ad-11f0-93e4-38d57a9b2324
2025-05-24 16:43:55,816 [DEBUG] [Dummy-8] [qasync._windows._EventWorker/_windows.py:192]: Thread started
2025-05-24 16:45:28,335 [INFO] [MainThread] [root/controller.py:12]: Reloading Application because of config update...
2025-05-24 16:45:28,447 [INFO] [MainThread] [cli_server/cli_server.py:112]: Log pipe server stopped
2025-05-24 16:45:28,447 [DEBUG] [MainThread] [cli_server/cli_server.py:206]: CLI server stopped
2025-05-24 16:45:28,450 [DEBUG] [MainThread] [qasync._windows._EventPoller/_windows.py:218]: Stopping worker thread...
2025-05-24 16:45:28,462 [DEBUG] [Dummy-8] [qasync._windows._EventWorker/_windows.py:201]: Exiting thread
2025-05-24 16:45:28,462 [DEBUG] [MainThread] [qasync._windows._IocpProactor/_windows.py:75]: Closing
2025-05-24 16:45:28,661 [INFO] [MainThread] [root/log.py:59]: Yasb v1.7.4
2025-05-24 16:45:28,661 [INFO] [Thread-1 (_run_server)] [cli_server/cli_server.py:212]: CLI server started v1.1.1
2025-05-24 16:45:28,661 [INFO] [MainThread] [cli_server/cli_server.py:104]: Log pipe server started
2025-05-24 16:45:28,832 [DEBUG] [MainThread] [comtypes/__init__.py:149]: CoInitializeEx(None, 2)
2025-05-24 16:45:28,886 [DEBUG] [MainThread] [tzlocal/win32.py:55]: Looking up time zone info from registry
2025-05-24 16:45:29,153 [INFO] [MainThread] [root/watcher.py:55]: Created file watcher for path C:\Users\taylo\.config\yasb
2025-05-24 16:45:29,174 [INFO] [Dummy-5] [root/event_listener.py:53]: Created named pipe yasb-bc80c66b-38ad-11f0-8825-38d57a9b2324
2025-05-24 16:45:29,196 [DEBUG] [MainThread] [qasync._windows._EventPoller/_windows.py:213]: Starting (proactor: <_IocpProactor overlapped#=0 result#=0>)...
2025-05-24 16:45:29,198 [DEBUG] [Dummy-8] [qasync._windows._EventWorker/_windows.py:192]: Thread started
2025-05-24 16:45:29,267 [INFO] [Dummy-5] [root/event_listener.py:125]: Komorebi connected to named pipe: yasb-bc80c66b-38ad-11f0-8825-38d57a9b2324
2025-05-24 16:45:36,536 [INFO] [MainThread] [root/controller.py:12]: Reloading Application because of config update...
2025-05-24 16:45:36,647 [INFO] [MainThread] [cli_server/cli_server.py:112]: Log pipe server stopped
2025-05-24 16:45:36,647 [DEBUG] [MainThread] [cli_server/cli_server.py:206]: CLI server stopped
2025-05-24 16:45:36,649 [DEBUG] [MainThread] [qasync._windows._EventPoller/_windows.py:218]: Stopping worker thread...
2025-05-24 16:45:36,661 [DEBUG] [Dummy-8] [qasync._windows._EventWorker/_windows.py:201]: Exiting thread
2025-05-24 16:45:36,662 [DEBUG] [MainThread] [qasync._windows._IocpProactor/_windows.py:75]: Closing
2025-05-24 16:45:36,856 [INFO] [MainThread] [root/log.py:59]: Yasb v1.7.4
2025-05-24 16:45:36,856 [INFO] [Thread-1 (_run_server)] [cli_server/cli_server.py:212]: CLI server started v1.1.1
2025-05-24 16:45:36,856 [INFO] [MainThread] [cli_server/cli_server.py:104]: Log pipe server started
2025-05-24 16:45:37,006 [DEBUG] [MainThread] [comtypes/__init__.py:149]: CoInitializeEx(None, 2)
2025-05-24 16:45:37,061 [DEBUG] [MainThread] [tzlocal/win32.py:55]: Looking up time zone info from registry
2025-05-24 16:45:37,358 [INFO] [MainThread] [root/watcher.py:55]: Created file watcher for path C:\Users\taylo\.config\yasb
2025-05-24 16:45:37,383 [INFO] [Dummy-5] [root/event_listener.py:53]: Created named pipe yasb-c164bb8a-38ad-11f0-9f74-38d57a9b2324
2025-05-24 16:45:37,422 [DEBUG] [MainThread] [qasync._windows._EventPoller/_windows.py:213]: Starting (proactor: <_IocpProactor overlapped#=0 result#=0>)...
2025-05-24 16:45:37,425 [DEBUG] [Dummy-8] [qasync._windows._EventWorker/_windows.py:192]: Thread started
2025-05-24 16:45:37,472 [INFO] [Dummy-5] [root/event_listener.py:125]: Komorebi connected to named pipe: yasb-c164bb8a-38ad-11f0-9f74-38d57a9b2324
2025-05-24 16:46:29,500 [INFO] [MainThread] [root/controller.py:12]: Reloading Application because of config update...
2025-05-24 16:46:29,607 [INFO] [MainThread] [cli_server/cli_server.py:112]: Log pipe server stopped
2025-05-24 16:46:29,607 [DEBUG] [MainThread] [cli_server/cli_server.py:206]: CLI server stopped
2025-05-24 16:46:29,611 [DEBUG] [MainThread] [qasync._windows._EventPoller/_windows.py:218]: Stopping worker thread...
2025-05-24 16:46:29,623 [DEBUG] [Dummy-8] [qasync._windows._EventWorker/_windows.py:201]: Exiting thread
2025-05-24 16:46:29,623 [DEBUG] [MainThread] [qasync._windows._IocpProactor/_windows.py:75]: Closing
2025-05-24 16:46:29,820 [INFO] [MainThread] [root/log.py:59]: Yasb v1.7.4
2025-05-24 16:46:29,820 [INFO] [Thread-1 (_run_server)] [cli_server/cli_server.py:212]: CLI server started v1.1.1
2025-05-24 16:46:29,820 [INFO] [MainThread] [cli_server/cli_server.py:104]: Log pipe server started
2025-05-24 16:46:29,980 [DEBUG] [MainThread] [comtypes/__init__.py:149]: CoInitializeEx(None, 2)
2025-05-24 16:46:30,034 [DEBUG] [MainThread] [tzlocal/win32.py:55]: Looking up time zone info from registry
2025-05-24 16:46:30,297 [INFO] [MainThread] [root/watcher.py:55]: Created file watcher for path C:\Users\taylo\.config\yasb
2025-05-24 16:46:30,321 [INFO] [Dummy-5] [root/event_listener.py:53]: Created named pipe yasb-e0f29ea8-38ad-11f0-9346-38d57a9b2324
2025-05-24 16:46:30,343 [DEBUG] [MainThread] [qasync._windows._EventPoller/_windows.py:213]: Starting (proactor: <_IocpProactor overlapped#=0 result#=0>)...
2025-05-24 16:46:30,345 [DEBUG] [Dummy-8] [qasync._windows._EventWorker/_windows.py:192]: Thread started
2025-05-24 16:46:30,407 [INFO] [Dummy-5] [root/event_listener.py:125]: Komorebi connected to named pipe: yasb-e0f29ea8-38ad-11f0-9346-38d57a9b2324
2025-05-24 16:48:15,072 [INFO] [MainThread] [root/controller.py:12]: Reloading Application because of config update...
2025-05-24 16:48:15,186 [INFO] [MainThread] [cli_server/cli_server.py:112]: Log pipe server stopped
2025-05-24 16:48:15,186 [DEBUG] [MainThread] [cli_server/cli_server.py:206]: CLI server stopped
2025-05-24 16:48:15,189 [DEBUG] [MainThread] [qasync._windows._EventPoller/_windows.py:218]: Stopping worker thread...
2025-05-24 16:48:15,201 [DEBUG] [Dummy-8] [qasync._windows._EventWorker/_windows.py:201]: Exiting thread
2025-05-24 16:48:15,201 [DEBUG] [MainThread] [qasync._windows._IocpProactor/_windows.py:75]: Closing
2025-05-24 16:48:15,408 [INFO] [MainThread] [root/log.py:59]: Yasb v1.7.4
2025-05-24 16:48:15,408 [INFO] [Thread-1 (_run_server)] [cli_server/cli_server.py:212]: CLI server started v1.1.1
2025-05-24 16:48:15,408 [INFO] [MainThread] [cli_server/cli_server.py:104]: Log pipe server started
2025-05-24 16:48:15,563 [DEBUG] [MainThread] [comtypes/__init__.py:149]: CoInitializeEx(None, 2)
2025-05-24 16:48:15,621 [DEBUG] [MainThread] [tzlocal/win32.py:55]: Looking up time zone info from registry
2025-05-24 16:48:15,896 [INFO] [MainThread] [root/watcher.py:55]: Created file watcher for path C:\Users\taylo\.config\yasb
2025-05-24 16:48:15,914 [INFO] [Dummy-5] [root/event_listener.py:53]: Created named pipe yasb-1fe39d14-38ae-11f0-96d0-38d57a9b2324
2025-05-24 16:48:15,942 [DEBUG] [MainThread] [qasync._windows._EventPoller/_windows.py:213]: Starting (proactor: <_IocpProactor overlapped#=0 result#=0>)...
2025-05-24 16:48:15,946 [DEBUG] [Dummy-8] [qasync._windows._EventWorker/_windows.py:192]: Thread started
2025-05-24 16:48:16,010 [INFO] [Dummy-5] [root/event_listener.py:125]: Komorebi connected to named pipe: yasb-1fe39d14-38ae-11f0-96d0-38d57a9b2324
2025-05-24 16:49:04,144 [INFO] [MainThread] [root/controller.py:12]: Reloading Application because of config update...
2025-05-24 16:49:04,257 [INFO] [MainThread] [cli_server/cli_server.py:112]: Log pipe server stopped
2025-05-24 16:49:04,257 [DEBUG] [MainThread] [cli_server/cli_server.py:206]: CLI server stopped
2025-05-24 16:49:04,261 [DEBUG] [MainThread] [qasync._windows._EventPoller/_windows.py:218]: Stopping worker thread...
2025-05-24 16:49:04,273 [DEBUG] [Dummy-8] [qasync._windows._EventWorker/_windows.py:201]: Exiting thread
2025-05-24 16:49:04,274 [DEBUG] [MainThread] [qasync._windows._IocpProactor/_windows.py:75]: Closing
2025-05-24 16:49:04,483 [INFO] [MainThread] [root/log.py:59]: Yasb v1.7.4
2025-05-24 16:49:04,483 [INFO] [Thread-1 (_run_server)] [cli_server/cli_server.py:212]: CLI server started v1.1.1
2025-05-24 16:49:04,483 [INFO] [MainThread] [cli_server/cli_server.py:104]: Log pipe server started
2025-05-24 16:49:04,655 [DEBUG] [MainThread] [comtypes/__init__.py:149]: CoInitializeEx(None, 2)
2025-05-24 16:49:04,709 [DEBUG] [MainThread] [tzlocal/win32.py:55]: Looking up time zone info from registry
2025-05-24 16:49:04,979 [INFO] [MainThread] [root/watcher.py:55]: Created file watcher for path C:\Users\taylo\.config\yasb
2025-05-24 16:49:04,999 [INFO] [Dummy-5] [root/event_listener.py:53]: Created named pipe yasb-3d251db8-38ae-11f0-bdce-38d57a9b2324
2025-05-24 16:49:05,024 [DEBUG] [MainThread] [qasync._windows._EventPoller/_windows.py:213]: Starting (proactor: <_IocpProactor overlapped#=0 result#=0>)...
2025-05-24 16:49:05,026 [DEBUG] [Dummy-8] [qasync._windows._EventWorker/_windows.py:192]: Thread started
2025-05-24 16:49:05,088 [INFO] [Dummy-5] [root/event_listener.py:125]: Komorebi connected to named pipe: yasb-3d251db8-38ae-11f0-bdce-38d57a9b2324
2025-05-24 16:50:00,313 [INFO] [MainThread] [root/controller.py:12]: Reloading Application because of config update...
2025-05-24 16:50:00,419 [INFO] [MainThread] [cli_server/cli_server.py:112]: Log pipe server stopped
2025-05-24 16:50:00,419 [DEBUG] [MainThread] [cli_server/cli_server.py:206]: CLI server stopped
2025-05-24 16:50:00,422 [DEBUG] [MainThread] [qasync._windows._EventPoller/_windows.py:218]: Stopping worker thread...
2025-05-24 16:50:00,435 [DEBUG] [Dummy-8] [qasync._windows._EventWorker/_windows.py:201]: Exiting thread
2025-05-24 16:50:00,435 [DEBUG] [MainThread] [qasync._windows._IocpProactor/_windows.py:75]: Closing
2025-05-24 16:50:00,623 [INFO] [MainThread] [root/log.py:59]: Yasb v1.7.4
2025-05-24 16:50:00,623 [INFO] [Thread-1 (_run_server)] [cli_server/cli_server.py:212]: CLI server started v1.1.1
2025-05-24 16:50:00,623 [INFO] [MainThread] [cli_server/cli_server.py:104]: Log pipe server started
2025-05-24 16:50:00,800 [DEBUG] [MainThread] [comtypes/__init__.py:149]: CoInitializeEx(None, 2)
2025-05-24 16:50:00,855 [DEBUG] [MainThread] [tzlocal/win32.py:55]: Looking up time zone info from registry
2025-05-24 16:50:01,148 [INFO] [MainThread] [root/watcher.py:55]: Created file watcher for path C:\Users\taylo\.config\yasb
2025-05-24 16:50:01,171 [INFO] [Dummy-5] [root/event_listener.py:53]: Created named pipe yasb-5e9fd5de-38ae-11f0-b804-38d57a9b2324
2025-05-24 16:50:01,192 [DEBUG] [MainThread] [qasync._windows._EventPoller/_windows.py:213]: Starting (proactor: <_IocpProactor overlapped#=0 result#=0>)...
2025-05-24 16:50:01,195 [DEBUG] [Dummy-8] [qasync._windows._EventWorker/_windows.py:192]: Thread started
2025-05-24 16:50:01,251 [INFO] [Dummy-5] [root/event_listener.py:125]: Komorebi connected to named pipe: yasb-5e9fd5de-38ae-11f0-b804-38d57a9b2324
2025-05-24 16:52:18,355 [INFO] [MainThread] [root/controller.py:12]: Reloading Application because of config update...
2025-05-24 16:52:18,467 [INFO] [MainThread] [cli_server/cli_server.py:112]: Log pipe server stopped
2025-05-24 16:52:18,467 [DEBUG] [MainThread] [cli_server/cli_server.py:206]: CLI server stopped
2025-05-24 16:52:18,471 [DEBUG] [MainThread] [qasync._windows._EventPoller/_windows.py:218]: Stopping worker thread...
2025-05-24 16:52:18,483 [DEBUG] [Dummy-8] [qasync._windows._EventWorker/_windows.py:201]: Exiting thread
2025-05-24 16:52:18,483 [DEBUG] [MainThread] [qasync._windows._IocpProactor/_windows.py:75]: Closing
2025-05-24 16:52:18,677 [INFO] [MainThread] [root/log.py:59]: Yasb v1.7.4
2025-05-24 16:52:18,678 [INFO] [Thread-1 (_run_server)] [cli_server/cli_server.py:212]: CLI server started v1.1.1
2025-05-24 16:52:18,678 [INFO] [MainThread] [cli_server/cli_server.py:104]: Log pipe server started
2025-05-24 16:52:18,864 [DEBUG] [MainThread] [comtypes/__init__.py:149]: CoInitializeEx(None, 2)
2025-05-24 16:52:18,923 [DEBUG] [MainThread] [tzlocal/win32.py:55]: Looking up time zone info from registry
2025-05-24 16:52:19,281 [INFO] [MainThread] [root/watcher.py:55]: Created file watcher for path C:\Users\taylo\.config\yasb
2025-05-24 16:52:19,335 [INFO] [Dummy-5] [root/event_listener.py:53]: Created named pipe yasb-b0f54a3a-38ae-11f0-b9e3-38d57a9b2324
2025-05-24 16:52:19,359 [DEBUG] [MainThread] [qasync._windows._EventPoller/_windows.py:213]: Starting (proactor: <_IocpProactor overlapped#=0 result#=0>)...
2025-05-24 16:52:19,363 [DEBUG] [Dummy-8] [qasync._windows._EventWorker/_windows.py:192]: Thread started
2025-05-24 16:52:19,431 [INFO] [Dummy-5] [root/event_listener.py:125]: Komorebi connected to named pipe: yasb-b0f54a3a-38ae-11f0-b9e3-38d57a9b2324
2025-05-24 16:58:12,702 [INFO] [MainThread] [root/controller.py:12]: Reloading Application because of config update...
2025-05-24 16:58:12,816 [INFO] [MainThread] [cli_server/cli_server.py:112]: Log pipe server stopped
2025-05-24 16:58:12,816 [DEBUG] [MainThread] [cli_server/cli_server.py:206]: CLI server stopped
2025-05-24 16:58:12,820 [DEBUG] [MainThread] [qasync._windows._EventPoller/_windows.py:218]: Stopping worker thread...
2025-05-24 16:58:12,831 [DEBUG] [Dummy-8] [qasync._windows._EventWorker/_windows.py:201]: Exiting thread
2025-05-24 16:58:12,834 [DEBUG] [MainThread] [qasync._windows._IocpProactor/_windows.py:75]: Closing
2025-05-24 16:58:12,859 [ERROR] [Dummy-5] [root/event_service.py:30]: Failed to emit signal <bound PYQT_SIGNAL k_signal_update of WorkspaceWidget object at 0x000002652C4DE530>. Removing link to KomorebiEvent.KomorebiUpdate.
2025-05-24 16:58:13,045 [INFO] [MainThread] [root/log.py:59]: Yasb v1.7.4
2025-05-24 16:58:13,046 [INFO] [Thread-1 (_run_server)] [cli_server/cli_server.py:212]: CLI server started v1.1.1
2025-05-24 16:58:13,046 [INFO] [MainThread] [cli_server/cli_server.py:104]: Log pipe server started
2025-05-24 16:58:13,204 [DEBUG] [MainThread] [comtypes/__init__.py:149]: CoInitializeEx(None, 2)
2025-05-24 16:58:13,263 [DEBUG] [MainThread] [tzlocal/win32.py:55]: Looking up time zone info from registry
2025-05-24 16:58:13,634 [INFO] [MainThread] [root/watcher.py:55]: Created file watcher for path C:\Users\taylo\.config\yasb
2025-05-24 16:58:13,683 [INFO] [Dummy-5] [root/event_listener.py:53]: Created named pipe yasb-842b3ad7-38af-11f0-a550-38d57a9b2324
2025-05-24 16:58:13,715 [DEBUG] [MainThread] [qasync._windows._EventPoller/_windows.py:213]: Starting (proactor: <_IocpProactor overlapped#=0 result#=0>)...
2025-05-24 16:58:13,718 [DEBUG] [Dummy-8] [qasync._windows._EventWorker/_windows.py:192]: Thread started
2025-05-24 16:58:13,775 [INFO] [Dummy-5] [root/event_listener.py:125]: Komorebi connected to named pipe: yasb-842b3ad7-38af-11f0-a550-38d57a9b2324
2025-05-24 16:58:58,543 [INFO] [MainThread] [root/controller.py:12]: Reloading Application because of config update...
2025-05-24 16:58:58,647 [INFO] [MainThread] [cli_server/cli_server.py:112]: Log pipe server stopped
2025-05-24 16:58:58,647 [DEBUG] [MainThread] [cli_server/cli_server.py:206]: CLI server stopped
2025-05-24 16:58:58,649 [DEBUG] [MainThread] [qasync._windows._EventPoller/_windows.py:218]: Stopping worker thread...
2025-05-24 16:58:58,662 [DEBUG] [Dummy-8] [qasync._windows._EventWorker/_windows.py:201]: Exiting thread
2025-05-24 16:58:58,662 [DEBUG] [MainThread] [qasync._windows._IocpProactor/_windows.py:75]: Closing
2025-05-24 16:58:58,862 [INFO] [MainThread] [root/log.py:59]: Yasb v1.7.4
2025-05-24 16:58:58,862 [INFO] [Thread-1 (_run_server)] [cli_server/cli_server.py:212]: CLI server started v1.1.1
2025-05-24 16:58:58,862 [INFO] [MainThread] [cli_server/cli_server.py:104]: Log pipe server started
2025-05-24 16:58:59,025 [DEBUG] [MainThread] [comtypes/__init__.py:149]: CoInitializeEx(None, 2)
2025-05-24 16:58:59,086 [DEBUG] [MainThread] [tzlocal/win32.py:55]: Looking up time zone info from registry
2025-05-24 16:58:59,398 [INFO] [MainThread] [root/watcher.py:55]: Created file watcher for path C:\Users\taylo\.config\yasb
2025-05-24 16:58:59,445 [INFO] [Dummy-5] [root/event_listener.py:53]: Created named pipe yasb-9f723d56-38af-11f0-a811-38d57a9b2324
2025-05-24 16:58:59,475 [DEBUG] [MainThread] [qasync._windows._EventPoller/_windows.py:213]: Starting (proactor: <_IocpProactor overlapped#=0 result#=0>)...
2025-05-24 16:58:59,479 [DEBUG] [Dummy-8] [qasync._windows._EventWorker/_windows.py:192]: Thread started
2025-05-24 16:58:59,542 [INFO] [Dummy-5] [root/event_listener.py:125]: Komorebi connected to named pipe: yasb-9f723d56-38af-11f0-a811-38d57a9b2324
2025-05-24 17:01:08,531 [INFO] [MainThread] [root/controller.py:12]: Reloading Application because of config update...
2025-05-24 17:01:08,633 [INFO] [MainThread] [cli_server/cli_server.py:112]: Log pipe server stopped
2025-05-24 17:01:08,633 [DEBUG] [MainThread] [cli_server/cli_server.py:206]: CLI server stopped
2025-05-24 17:01:08,637 [DEBUG] [MainThread] [qasync._windows._EventPoller/_windows.py:218]: Stopping worker thread...
2025-05-24 17:01:08,649 [DEBUG] [Dummy-8] [qasync._windows._EventWorker/_windows.py:201]: Exiting thread
2025-05-24 17:01:08,649 [DEBUG] [MainThread] [qasync._windows._IocpProactor/_windows.py:75]: Closing
2025-05-24 17:01:08,850 [INFO] [MainThread] [root/log.py:59]: Yasb v1.7.4
2025-05-24 17:01:08,850 [INFO] [Thread-1 (_run_server)] [cli_server/cli_server.py:212]: CLI server started v1.1.1
2025-05-24 17:01:08,850 [INFO] [MainThread] [cli_server/cli_server.py:104]: Log pipe server started
2025-05-24 17:01:09,056 [DEBUG] [MainThread] [comtypes/__init__.py:149]: CoInitializeEx(None, 2)
2025-05-24 17:01:09,111 [DEBUG] [MainThread] [tzlocal/win32.py:55]: Looking up time zone info from registry
2025-05-24 17:01:09,438 [INFO] [MainThread] [root/watcher.py:55]: Created file watcher for path C:\Users\taylo\.config\yasb
2025-05-24 17:01:09,501 [INFO] [Dummy-5] [root/event_listener.py:53]: Created named pipe yasb-ecf4dae9-38af-11f0-b5fb-38d57a9b2324
2025-05-24 17:01:09,529 [DEBUG] [MainThread] [qasync._windows._EventPoller/_windows.py:213]: Starting (proactor: <_IocpProactor overlapped#=0 result#=0>)...
2025-05-24 17:01:09,534 [DEBUG] [Dummy-8] [qasync._windows._EventWorker/_windows.py:192]: Thread started
2025-05-24 17:01:09,601 [INFO] [Dummy-5] [root/event_listener.py:125]: Komorebi connected to named pipe: yasb-ecf4dae9-38af-11f0-b5fb-38d57a9b2324
2025-05-24 17:03:53,052 [INFO] [MainThread] [root/controller.py:12]: Reloading Application because of config update...
2025-05-24 17:03:53,165 [INFO] [MainThread] [cli_server/cli_server.py:112]: Log pipe server stopped
2025-05-24 17:03:53,165 [DEBUG] [MainThread] [cli_server/cli_server.py:206]: CLI server stopped
2025-05-24 17:03:53,168 [DEBUG] [MainThread] [qasync._windows._EventPoller/_windows.py:218]: Stopping worker thread...
2025-05-24 17:03:53,181 [DEBUG] [Dummy-8] [qasync._windows._EventWorker/_windows.py:201]: Exiting thread
2025-05-24 17:03:53,181 [DEBUG] [MainThread] [qasync._windows._IocpProactor/_windows.py:75]: Closing
2025-05-24 17:03:53,381 [INFO] [MainThread] [root/log.py:59]: Yasb v1.7.4
2025-05-24 17:03:53,381 [INFO] [Thread-1 (_run_server)] [cli_server/cli_server.py:212]: CLI server started v1.1.1
2025-05-24 17:03:53,381 [INFO] [MainThread] [cli_server/cli_server.py:104]: Log pipe server started
2025-05-24 17:03:53,541 [DEBUG] [MainThread] [comtypes/__init__.py:149]: CoInitializeEx(None, 2)
2025-05-24 17:03:53,595 [DEBUG] [MainThread] [tzlocal/win32.py:55]: Looking up time zone info from registry
2025-05-24 17:03:53,904 [INFO] [MainThread] [root/watcher.py:55]: Created file watcher for path C:\Users\taylo\.config\yasb
2025-05-24 17:03:53,949 [INFO] [Dummy-5] [root/event_listener.py:53]: Created named pipe yasb-4efc4d16-38b0-11f0-8c57-38d57a9b2324
2025-05-24 17:03:53,978 [DEBUG] [MainThread] [qasync._windows._EventPoller/_windows.py:213]: Starting (proactor: <_IocpProactor overlapped#=0 result#=0>)...
2025-05-24 17:03:53,979 [DEBUG] [Dummy-8] [qasync._windows._EventWorker/_windows.py:192]: Thread started
2025-05-24 17:03:54,045 [INFO] [Dummy-5] [root/event_listener.py:125]: Komorebi connected to named pipe: yasb-4efc4d16-38b0-11f0-8c57-38d57a9b2324
2025-05-24 17:04:00,059 [INFO] [MainThread] [root/controller.py:12]: Reloading Application because of config update...
2025-05-24 17:04:00,162 [INFO] [MainThread] [cli_server/cli_server.py:112]: Log pipe server stopped
2025-05-24 17:04:00,162 [DEBUG] [MainThread] [cli_server/cli_server.py:206]: CLI server stopped
2025-05-24 17:04:00,166 [DEBUG] [MainThread] [qasync._windows._EventPoller/_windows.py:218]: Stopping worker thread...
2025-05-24 17:04:00,178 [DEBUG] [Dummy-8] [qasync._windows._EventWorker/_windows.py:201]: Exiting thread
2025-05-24 17:04:00,178 [DEBUG] [MainThread] [qasync._windows._IocpProactor/_windows.py:75]: Closing
2025-05-24 17:04:00,378 [INFO] [MainThread] [root/log.py:59]: Yasb v1.7.4
2025-05-24 17:04:00,378 [INFO] [Thread-1 (_run_server)] [cli_server/cli_server.py:212]: CLI server started v1.1.1
2025-05-24 17:04:00,378 [INFO] [MainThread] [cli_server/cli_server.py:104]: Log pipe server started
2025-05-24 17:04:00,534 [DEBUG] [MainThread] [comtypes/__init__.py:149]: CoInitializeEx(None, 2)
2025-05-24 17:04:00,589 [DEBUG] [MainThread] [tzlocal/win32.py:55]: Looking up time zone info from registry
2025-05-24 17:04:00,874 [INFO] [MainThread] [root/watcher.py:55]: Created file watcher for path C:\Users\taylo\.config\yasb
2025-05-24 17:04:00,895 [INFO] [Dummy-5] [root/event_listener.py:53]: Created named pipe yasb-5323eb5e-38b0-11f0-963b-38d57a9b2324
2025-05-24 17:04:00,918 [DEBUG] [MainThread] [qasync._windows._EventPoller/_windows.py:213]: Starting (proactor: <_IocpProactor overlapped#=0 result#=0>)...
2025-05-24 17:04:00,920 [DEBUG] [Dummy-8] [qasync._windows._EventWorker/_windows.py:192]: Thread started
2025-05-24 17:04:00,989 [INFO] [Dummy-5] [root/event_listener.py:125]: Komorebi connected to named pipe: yasb-5323eb5e-38b0-11f0-963b-38d57a9b2324
2025-05-24 17:04:16,234 [INFO] [MainThread] [root/controller.py:12]: Reloading Application because of config update...
2025-05-24 17:04:16,343 [INFO] [MainThread] [cli_server/cli_server.py:112]: Log pipe server stopped
2025-05-24 17:04:16,343 [DEBUG] [MainThread] [cli_server/cli_server.py:206]: CLI server stopped
2025-05-24 17:04:16,346 [DEBUG] [MainThread] [qasync._windows._EventPoller/_windows.py:218]: Stopping worker thread...
2025-05-24 17:04:16,358 [DEBUG] [Dummy-8] [qasync._windows._EventWorker/_windows.py:201]: Exiting thread
2025-05-24 17:04:16,358 [DEBUG] [MainThread] [qasync._windows._IocpProactor/_windows.py:75]: Closing
2025-05-24 17:04:16,551 [INFO] [MainThread] [root/log.py:59]: Yasb v1.7.4
2025-05-24 17:04:16,553 [INFO] [Thread-1 (_run_server)] [cli_server/cli_server.py:212]: CLI server started v1.1.1
2025-05-24 17:04:16,553 [INFO] [MainThread] [cli_server/cli_server.py:104]: Log pipe server started
2025-05-24 17:04:16,744 [DEBUG] [MainThread] [comtypes/__init__.py:149]: CoInitializeEx(None, 2)
2025-05-24 17:04:16,797 [DEBUG] [MainThread] [tzlocal/win32.py:55]: Looking up time zone info from registry
2025-05-24 17:04:17,081 [INFO] [MainThread] [root/watcher.py:55]: Created file watcher for path C:\Users\taylo\.config\yasb
2025-05-24 17:04:17,101 [INFO] [Dummy-5] [root/event_listener.py:53]: Created named pipe yasb-5cccd4f1-38b0-11f0-b3e3-38d57a9b2324
2025-05-24 17:04:17,124 [DEBUG] [MainThread] [qasync._windows._EventPoller/_windows.py:213]: Starting (proactor: <_IocpProactor overlapped#=0 result#=0>)...
2025-05-24 17:04:17,127 [DEBUG] [Dummy-8] [qasync._windows._EventWorker/_windows.py:192]: Thread started
2025-05-24 17:04:17,190 [INFO] [Dummy-5] [root/event_listener.py:125]: Komorebi connected to named pipe: yasb-5cccd4f1-38b0-11f0-b3e3-38d57a9b2324
2025-05-24 17:04:25,359 [INFO] [MainThread] [root/controller.py:12]: Reloading Application because of config update...
2025-05-24 17:04:25,469 [INFO] [MainThread] [cli_server/cli_server.py:112]: Log pipe server stopped
2025-05-24 17:04:25,469 [DEBUG] [MainThread] [cli_server/cli_server.py:206]: CLI server stopped
2025-05-24 17:04:25,472 [DEBUG] [MainThread] [qasync._windows._EventPoller/_windows.py:218]: Stopping worker thread...
2025-05-24 17:04:25,485 [DEBUG] [Dummy-8] [qasync._windows._EventWorker/_windows.py:201]: Exiting thread
2025-05-24 17:04:25,485 [DEBUG] [MainThread] [qasync._windows._IocpProactor/_windows.py:75]: Closing
2025-05-24 17:04:25,685 [INFO] [MainThread] [root/log.py:59]: Yasb v1.7.4
2025-05-24 17:04:25,685 [INFO] [Thread-1 (_run_server)] [cli_server/cli_server.py:212]: CLI server started v1.1.1
2025-05-24 17:04:25,686 [INFO] [MainThread] [cli_server/cli_server.py:104]: Log pipe server started
2025-05-24 17:04:25,855 [DEBUG] [MainThread] [comtypes/__init__.py:149]: CoInitializeEx(None, 2)
2025-05-24 17:04:25,910 [DEBUG] [MainThread] [tzlocal/win32.py:55]: Looking up time zone info from registry
2025-05-24 17:04:26,204 [INFO] [MainThread] [root/watcher.py:55]: Created file watcher for path C:\Users\taylo\.config\yasb
2025-05-24 17:04:26,224 [INFO] [Dummy-5] [root/event_listener.py:53]: Created named pipe yasb-623cdab3-38b0-11f0-8d3b-38d57a9b2324
2025-05-24 17:04:26,247 [DEBUG] [MainThread] [qasync._windows._EventPoller/_windows.py:213]: Starting (proactor: <_IocpProactor overlapped#=0 result#=0>)...
2025-05-24 17:04:26,250 [DEBUG] [Dummy-8] [qasync._windows._EventWorker/_windows.py:192]: Thread started
2025-05-24 17:04:26,308 [INFO] [Dummy-5] [root/event_listener.py:125]: Komorebi connected to named pipe: yasb-623cdab3-38b0-11f0-8d3b-38d57a9b2324
2025-05-24 17:04:36,648 [INFO] [MainThread] [root/controller.py:12]: Reloading Application because of config update...
2025-05-24 17:04:36,753 [INFO] [MainThread] [cli_server/cli_server.py:112]: Log pipe server stopped
2025-05-24 17:04:36,753 [DEBUG] [MainThread] [cli_server/cli_server.py:206]: CLI server stopped
2025-05-24 17:04:36,757 [DEBUG] [MainThread] [qasync._windows._EventPoller/_windows.py:218]: Stopping worker thread...
2025-05-24 17:04:36,768 [DEBUG] [Dummy-8] [qasync._windows._EventWorker/_windows.py:201]: Exiting thread
2025-05-24 17:04:36,769 [DEBUG] [MainThread] [qasync._windows._IocpProactor/_windows.py:75]: Closing
2025-05-24 17:04:36,973 [INFO] [MainThread] [root/log.py:59]: Yasb v1.7.4
2025-05-24 17:04:36,974 [INFO] [Thread-1 (_run_server)] [cli_server/cli_server.py:212]: CLI server started v1.1.1
2025-05-24 17:04:36,974 [INFO] [MainThread] [cli_server/cli_server.py:104]: Log pipe server started
2025-05-24 17:04:37,153 [DEBUG] [MainThread] [comtypes/__init__.py:149]: CoInitializeEx(None, 2)
2025-05-24 17:04:37,208 [DEBUG] [MainThread] [tzlocal/win32.py:55]: Looking up time zone info from registry
2025-05-24 17:04:37,492 [INFO] [MainThread] [root/watcher.py:55]: Created file watcher for path C:\Users\taylo\.config\yasb
2025-05-24 17:04:37,513 [INFO] [Dummy-5] [root/event_listener.py:53]: Created named pipe yasb-68f768de-38b0-11f0-8512-38d57a9b2324
2025-05-24 17:04:37,536 [DEBUG] [MainThread] [qasync._windows._EventPoller/_windows.py:213]: Starting (proactor: <_IocpProactor overlapped#=0 result#=0>)...
2025-05-24 17:04:37,538 [DEBUG] [Dummy-8] [qasync._windows._EventWorker/_windows.py:192]: Thread started
2025-05-24 17:04:37,592 [INFO] [Dummy-5] [root/event_listener.py:125]: Komorebi connected to named pipe: yasb-68f768de-38b0-11f0-8512-38d57a9b2324
2025-05-24 17:04:41,909 [INFO] [MainThread] [root/controller.py:12]: Reloading Application because of config update...
2025-05-24 17:04:42,012 [INFO] [MainThread] [cli_server/cli_server.py:112]: Log pipe server stopped
2025-05-24 17:04:42,012 [DEBUG] [MainThread] [cli_server/cli_server.py:206]: CLI server stopped
2025-05-24 17:04:42,015 [DEBUG] [MainThread] [qasync._windows._EventPoller/_windows.py:218]: Stopping worker thread...
2025-05-24 17:04:42,028 [DEBUG] [Dummy-8] [qasync._windows._EventWorker/_windows.py:201]: Exiting thread
2025-05-24 17:04:42,028 [DEBUG] [MainThread] [qasync._windows._IocpProactor/_windows.py:75]: Closing
2025-05-24 17:04:42,233 [INFO] [MainThread] [root/log.py:59]: Yasb v1.7.4
2025-05-24 17:04:42,234 [INFO] [Thread-1 (_run_server)] [cli_server/cli_server.py:212]: CLI server started v1.1.1
2025-05-24 17:04:42,234 [INFO] [MainThread] [cli_server/cli_server.py:104]: Log pipe server started
2025-05-24 17:04:42,401 [DEBUG] [MainThread] [comtypes/__init__.py:149]: CoInitializeEx(None, 2)
2025-05-24 17:04:42,455 [DEBUG] [MainThread] [tzlocal/win32.py:55]: Looking up time zone info from registry
2025-05-24 17:04:42,759 [INFO] [MainThread] [root/watcher.py:55]: Created file watcher for path C:\Users\taylo\.config\yasb
2025-05-24 17:04:42,806 [INFO] [Dummy-5] [root/event_listener.py:53]: Created named pipe yasb-6c1b0c93-38b0-11f0-b061-38d57a9b2324
2025-05-24 17:04:42,838 [DEBUG] [MainThread] [qasync._windows._EventPoller/_windows.py:213]: Starting (proactor: <_IocpProactor overlapped#=0 result#=0>)...
2025-05-24 17:04:42,840 [DEBUG] [Dummy-8] [qasync._windows._EventWorker/_windows.py:192]: Thread started
2025-05-24 17:04:42,903 [INFO] [Dummy-5] [root/event_listener.py:125]: Komorebi connected to named pipe: yasb-6c1b0c93-38b0-11f0-b061-38d57a9b2324
2025-05-24 17:05:34,626 [INFO] [MainThread] [root/controller.py:12]: Reloading Application because of config update...
2025-05-24 17:05:34,736 [INFO] [MainThread] [cli_server/cli_server.py:112]: Log pipe server stopped
2025-05-24 17:05:34,736 [DEBUG] [MainThread] [cli_server/cli_server.py:206]: CLI server stopped
2025-05-24 17:05:34,739 [DEBUG] [MainThread] [qasync._windows._EventPoller/_windows.py:218]: Stopping worker thread...
2025-05-24 17:05:34,751 [DEBUG] [Dummy-8] [qasync._windows._EventWorker/_windows.py:201]: Exiting thread
2025-05-24 17:05:34,751 [DEBUG] [MainThread] [qasync._windows._IocpProactor/_windows.py:75]: Closing
2025-05-24 17:05:34,951 [INFO] [MainThread] [root/log.py:59]: Yasb v1.7.4
2025-05-24 17:05:34,951 [INFO] [Thread-1 (_run_server)] [cli_server/cli_server.py:212]: CLI server started v1.1.1
2025-05-24 17:05:34,951 [INFO] [MainThread] [cli_server/cli_server.py:104]: Log pipe server started
2025-05-24 17:05:35,164 [DEBUG] [MainThread] [comtypes/__init__.py:149]: CoInitializeEx(None, 2)
2025-05-24 17:05:35,219 [DEBUG] [MainThread] [tzlocal/win32.py:55]: Looking up time zone info from registry
2025-05-24 17:05:35,455 [INFO] [MainThread] [root/watcher.py:55]: Created file watcher for path C:\Users\taylo\.config\yasb
2025-05-24 17:05:35,499 [INFO] [Dummy-5] [root/event_listener.py:53]: Created named pipe yasb-8b83c9d9-38b0-11f0-8ad1-38d57a9b2324
2025-05-24 17:05:35,532 [DEBUG] [MainThread] [qasync._windows._EventPoller/_windows.py:213]: Starting (proactor: <_IocpProactor overlapped#=0 result#=0>)...
2025-05-24 17:05:35,534 [DEBUG] [Dummy-8] [qasync._windows._EventWorker/_windows.py:192]: Thread started
2025-05-24 17:05:35,594 [INFO] [Dummy-5] [root/event_listener.py:125]: Komorebi connected to named pipe: yasb-8b83c9d9-38b0-11f0-8ad1-38d57a9b2324
2025-05-24 17:06:11,815 [INFO] [MainThread] [root/controller.py:12]: Reloading Application because of config update...
2025-05-24 17:06:11,918 [INFO] [MainThread] [cli_server/cli_server.py:112]: Log pipe server stopped
2025-05-24 17:06:11,918 [DEBUG] [MainThread] [cli_server/cli_server.py:206]: CLI server stopped
2025-05-24 17:06:11,918 [DEBUG] [MainThread] [qasync._windows._EventPoller/_windows.py:218]: Stopping worker thread...
2025-05-24 17:06:11,934 [DEBUG] [Dummy-8] [qasync._windows._EventWorker/_windows.py:201]: Exiting thread
2025-05-24 17:06:11,935 [DEBUG] [MainThread] [qasync._windows._IocpProactor/_windows.py:75]: Closing
2025-05-24 17:06:12,139 [INFO] [MainThread] [root/log.py:59]: Yasb v1.7.4
2025-05-24 17:06:12,139 [INFO] [Thread-1 (_run_server)] [cli_server/cli_server.py:212]: CLI server started v1.1.1
2025-05-24 17:06:12,139 [INFO] [MainThread] [cli_server/cli_server.py:104]: Log pipe server started
2025-05-24 17:06:12,342 [DEBUG] [MainThread] [comtypes/__init__.py:149]: CoInitializeEx(None, 2)
2025-05-24 17:06:12,395 [DEBUG] [MainThread] [tzlocal/win32.py:55]: Looking up time zone info from registry
2025-05-24 17:06:12,667 [INFO] [MainThread] [root/watcher.py:55]: Created file watcher for path C:\Users\taylo\.config\yasb
2025-05-24 17:06:12,686 [INFO] [Dummy-5] [root/event_listener.py:53]: Created named pipe yasb-a1b1bd64-38b0-11f0-8fc3-38d57a9b2324
2025-05-24 17:06:12,713 [DEBUG] [MainThread] [qasync._windows._EventPoller/_windows.py:213]: Starting (proactor: <_IocpProactor overlapped#=0 result#=0>)...
2025-05-24 17:06:12,714 [DEBUG] [Dummy-8] [qasync._windows._EventWorker/_windows.py:192]: Thread started
2025-05-24 17:06:12,774 [INFO] [Dummy-5] [root/event_listener.py:125]: Komorebi connected to named pipe: yasb-a1b1bd64-38b0-11f0-8fc3-38d57a9b2324
2025-05-24 17:06:35,845 [INFO] [MainThread] [root/controller.py:12]: Reloading Application because of config update...
2025-05-24 17:06:35,954 [INFO] [MainThread] [cli_server/cli_server.py:112]: Log pipe server stopped
2025-05-24 17:06:35,954 [DEBUG] [MainThread] [cli_server/cli_server.py:206]: CLI server stopped
2025-05-24 17:06:35,958 [DEBUG] [MainThread] [qasync._windows._EventPoller/_windows.py:218]: Stopping worker thread...
2025-05-24 17:06:35,970 [DEBUG] [Dummy-8] [qasync._windows._EventWorker/_windows.py:201]: Exiting thread
2025-05-24 17:06:35,970 [DEBUG] [MainThread] [qasync._windows._IocpProactor/_windows.py:75]: Closing
2025-05-24 17:06:35,983 [ERROR] [Dummy-5] [root/event_service.py:30]: Failed to emit signal <bound PYQT_SIGNAL k_signal_update of WorkspaceWidget object at 0x00000247A0AE3E30>. Removing link to KomorebiEvent.KomorebiUpdate.
2025-05-24 17:06:36,172 [INFO] [MainThread] [root/log.py:59]: Yasb v1.7.4
2025-05-24 17:06:36,172 [INFO] [Thread-1 (_run_server)] [cli_server/cli_server.py:212]: CLI server started v1.1.1
2025-05-24 17:06:36,172 [INFO] [MainThread] [cli_server/cli_server.py:104]: Log pipe server started
2025-05-24 17:06:36,363 [DEBUG] [MainThread] [comtypes/__init__.py:149]: CoInitializeEx(None, 2)
2025-05-24 17:06:36,421 [DEBUG] [MainThread] [tzlocal/win32.py:55]: Looking up time zone info from registry
2025-05-24 17:06:36,684 [INFO] [MainThread] [root/watcher.py:55]: Created file watcher for path C:\Users\taylo\.config\yasb
2025-05-24 17:06:36,708 [INFO] [Dummy-5] [root/event_listener.py:53]: Created named pipe yasb-b002aa14-38b0-11f0-a51e-38d57a9b2324
2025-05-24 17:06:36,731 [DEBUG] [MainThread] [qasync._windows._EventPoller/_windows.py:213]: Starting (proactor: <_IocpProactor overlapped#=0 result#=0>)...
2025-05-24 17:06:36,732 [DEBUG] [Dummy-8] [qasync._windows._EventWorker/_windows.py:192]: Thread started
2025-05-24 17:06:36,798 [INFO] [Dummy-5] [root/event_listener.py:125]: Komorebi connected to named pipe: yasb-b002aa14-38b0-11f0-a51e-38d57a9b2324
2025-05-24 17:06:40,546 [INFO] [MainThread] [root/controller.py:12]: Reloading Application because of config update...
2025-05-24 17:06:40,650 [INFO] [MainThread] [cli_server/cli_server.py:112]: Log pipe server stopped
2025-05-24 17:06:40,650 [DEBUG] [MainThread] [cli_server/cli_server.py:206]: CLI server stopped
2025-05-24 17:06:40,654 [DEBUG] [MainThread] [qasync._windows._EventPoller/_windows.py:218]: Stopping worker thread...
2025-05-24 17:06:40,665 [DEBUG] [Dummy-8] [qasync._windows._EventWorker/_windows.py:201]: Exiting thread
2025-05-24 17:06:40,665 [DEBUG] [MainThread] [qasync._windows._IocpProactor/_windows.py:75]: Closing
2025-05-24 17:06:40,865 [INFO] [MainThread] [root/log.py:59]: Yasb v1.7.4
2025-05-24 17:06:40,866 [INFO] [Thread-1 (_run_server)] [cli_server/cli_server.py:212]: CLI server started v1.1.1
2025-05-24 17:06:40,867 [INFO] [MainThread] [cli_server/cli_server.py:104]: Log pipe server started
2025-05-24 17:06:41,070 [DEBUG] [MainThread] [comtypes/__init__.py:149]: CoInitializeEx(None, 2)
2025-05-24 17:06:41,124 [DEBUG] [MainThread] [tzlocal/win32.py:55]: Looking up time zone info from registry
2025-05-24 17:06:41,348 [INFO] [MainThread] [root/watcher.py:55]: Created file watcher for path C:\Users\taylo\.config\yasb
2025-05-24 17:06:41,371 [INFO] [Dummy-5] [root/event_listener.py:53]: Created named pipe yasb-b2ca510d-38b0-11f0-ab13-38d57a9b2324
2025-05-24 17:06:41,400 [DEBUG] [MainThread] [qasync._windows._EventPoller/_windows.py:213]: Starting (proactor: <_IocpProactor overlapped#=0 result#=0>)...
2025-05-24 17:06:41,402 [DEBUG] [Dummy-8] [qasync._windows._EventWorker/_windows.py:192]: Thread started
2025-05-24 17:06:41,461 [INFO] [Dummy-5] [root/event_listener.py:125]: Komorebi connected to named pipe: yasb-b2ca510d-38b0-11f0-ab13-38d57a9b2324
2025-05-24 17:06:46,508 [INFO] [MainThread] [root/controller.py:12]: Reloading Application because of config update...
2025-05-24 17:06:46,617 [INFO] [MainThread] [cli_server/cli_server.py:112]: Log pipe server stopped
2025-05-24 17:06:46,617 [DEBUG] [MainThread] [cli_server/cli_server.py:206]: CLI server stopped
2025-05-24 17:06:46,621 [DEBUG] [MainThread] [qasync._windows._EventPoller/_windows.py:218]: Stopping worker thread...
2025-05-24 17:06:46,633 [DEBUG] [Dummy-8] [qasync._windows._EventWorker/_windows.py:201]: Exiting thread
2025-05-24 17:06:46,633 [DEBUG] [MainThread] [qasync._windows._IocpProactor/_windows.py:75]: Closing
2025-05-24 17:06:46,837 [INFO] [MainThread] [root/log.py:59]: Yasb v1.7.4
2025-05-24 17:06:46,837 [INFO] [Thread-1 (_run_server)] [cli_server/cli_server.py:212]: CLI server started v1.1.1
2025-05-24 17:06:46,837 [INFO] [MainThread] [cli_server/cli_server.py:104]: Log pipe server started
2025-05-24 17:06:47,020 [DEBUG] [MainThread] [comtypes/__init__.py:149]: CoInitializeEx(None, 2)
2025-05-24 17:06:47,073 [DEBUG] [MainThread] [tzlocal/win32.py:55]: Looking up time zone info from registry
2025-05-24 17:06:47,360 [INFO] [MainThread] [root/watcher.py:55]: Created file watcher for path C:\Users\taylo\.config\yasb
2025-05-24 17:06:47,382 [INFO] [Dummy-5] [root/event_listener.py:53]: Created named pipe yasb-b65fa0c3-38b0-11f0-9db1-38d57a9b2324
2025-05-24 17:06:47,407 [DEBUG] [MainThread] [qasync._windows._EventPoller/_windows.py:213]: Starting (proactor: <_IocpProactor overlapped#=0 result#=0>)...
2025-05-24 17:06:47,413 [DEBUG] [Dummy-8] [qasync._windows._EventWorker/_windows.py:192]: Thread started
2025-05-24 17:06:47,468 [INFO] [Dummy-5] [root/event_listener.py:125]: Komorebi connected to named pipe: yasb-b65fa0c3-38b0-11f0-9db1-38d57a9b2324
2025-05-24 17:06:59,956 [INFO] [MainThread] [root/controller.py:12]: Reloading Application because of config update...
2025-05-24 17:07:00,062 [INFO] [MainThread] [cli_server/cli_server.py:112]: Log pipe server stopped
2025-05-24 17:07:00,062 [DEBUG] [MainThread] [cli_server/cli_server.py:206]: CLI server stopped
2025-05-24 17:07:00,065 [DEBUG] [MainThread] [qasync._windows._EventPoller/_windows.py:218]: Stopping worker thread...
2025-05-24 17:07:00,077 [DEBUG] [Dummy-8] [qasync._windows._EventWorker/_windows.py:201]: Exiting thread
2025-05-24 17:07:00,077 [DEBUG] [MainThread] [qasync._windows._IocpProactor/_windows.py:75]: Closing
2025-05-24 17:07:00,090 [ERROR] [Dummy-5] [root/event_service.py:30]: Failed to emit signal <bound PYQT_SIGNAL k_signal_update of WorkspaceWidget object at 0x000001B814D77D90>. Removing link to KomorebiEvent.KomorebiUpdate.
2025-05-24 17:07:00,090 [ERROR] [Dummy-5] [root/event_service.py:30]: Failed to emit signal <bound PYQT_SIGNAL k_signal_update of WorkspaceWidget object at 0x000001B8152AB750>. Removing link to KomorebiEvent.KomorebiUpdate.
2025-05-24 17:07:00,274 [INFO] [MainThread] [root/log.py:59]: Yasb v1.7.4
2025-05-24 17:07:00,274 [INFO] [Thread-1 (_run_server)] [cli_server/cli_server.py:212]: CLI server started v1.1.1
2025-05-24 17:07:00,274 [INFO] [MainThread] [cli_server/cli_server.py:104]: Log pipe server started
2025-05-24 17:07:00,470 [DEBUG] [MainThread] [comtypes/__init__.py:149]: CoInitializeEx(None, 2)
2025-05-24 17:07:00,524 [DEBUG] [MainThread] [tzlocal/win32.py:55]: Looking up time zone info from registry
2025-05-24 17:07:00,722 [WARNING] [MainThread] [root/widget_builder.py:35]: Ignoring construction of invalid widget 'media'
2025-05-24 17:07:00,824 [ERROR] [MainThread] [root/widget_builder.py:88]: Failed to validate widget(s) due to invalid options  - media
      thumbnail_margin:
      - unknown field
      
2025-05-24 17:07:00,843 [INFO] [Dummy-3] [root/event_listener.py:53]: Created named pipe yasb-be6603d5-38b0-11f0-b1d3-38d57a9b2324
2025-05-24 17:07:00,951 [INFO] [Dummy-3] [root/event_listener.py:125]: Komorebi connected to named pipe: yasb-be6603d5-38b0-11f0-b1d3-38d57a9b2324
2025-05-24 17:07:03,768 [INFO] [MainThread] [root/watcher.py:55]: Created file watcher for path C:\Users\taylo\.config\yasb
2025-05-24 17:07:03,809 [DEBUG] [MainThread] [qasync._windows._EventPoller/_windows.py:213]: Starting (proactor: <_IocpProactor overlapped#=0 result#=0>)...
2025-05-24 17:07:03,811 [DEBUG] [Dummy-9] [qasync._windows._EventWorker/_windows.py:192]: Thread started
2025-05-24 17:07:08,382 [INFO] [MainThread] [root/controller.py:12]: Reloading Application because of config update...
2025-05-24 17:07:08,489 [INFO] [MainThread] [cli_server/cli_server.py:112]: Log pipe server stopped
2025-05-24 17:07:08,489 [DEBUG] [MainThread] [cli_server/cli_server.py:206]: CLI server stopped
2025-05-24 17:07:08,492 [DEBUG] [MainThread] [qasync._windows._EventPoller/_windows.py:218]: Stopping worker thread...
2025-05-24 17:07:08,505 [DEBUG] [Dummy-9] [qasync._windows._EventWorker/_windows.py:201]: Exiting thread
2025-05-24 17:07:08,505 [DEBUG] [MainThread] [qasync._windows._IocpProactor/_windows.py:75]: Closing
2025-05-24 17:07:08,518 [ERROR] [Dummy-3] [root/event_service.py:30]: Failed to emit signal <bound PYQT_SIGNAL k_signal_update of WorkspaceWidget object at 0x0000028A315C68F0>. Removing link to KomorebiEvent.KomorebiUpdate.
2025-05-24 17:07:08,518 [ERROR] [Dummy-3] [root/event_service.py:30]: Failed to emit signal <bound PYQT_SIGNAL k_signal_update of WorkspaceWidget object at 0x0000028A319819F0>. Removing link to KomorebiEvent.KomorebiUpdate.
2025-05-24 17:07:08,697 [INFO] [MainThread] [root/log.py:59]: Yasb v1.7.4
2025-05-24 17:07:08,697 [INFO] [Thread-1 (_run_server)] [cli_server/cli_server.py:212]: CLI server started v1.1.1
2025-05-24 17:07:08,698 [INFO] [MainThread] [cli_server/cli_server.py:104]: Log pipe server started
2025-05-24 17:07:08,881 [DEBUG] [MainThread] [comtypes/__init__.py:149]: CoInitializeEx(None, 2)
2025-05-24 17:07:08,937 [DEBUG] [MainThread] [tzlocal/win32.py:55]: Looking up time zone info from registry
2025-05-24 17:07:09,238 [INFO] [MainThread] [root/watcher.py:55]: Created file watcher for path C:\Users\taylo\.config\yasb
2025-05-24 17:07:09,288 [INFO] [Dummy-5] [root/event_listener.py:53]: Created named pipe yasb-c369f277-38b0-11f0-9ed9-38d57a9b2324
2025-05-24 17:07:09,319 [DEBUG] [MainThread] [qasync._windows._EventPoller/_windows.py:213]: Starting (proactor: <_IocpProactor overlapped#=0 result#=0>)...
2025-05-24 17:07:09,325 [DEBUG] [Dummy-8] [qasync._windows._EventWorker/_windows.py:192]: Thread started
2025-05-24 17:07:09,383 [INFO] [Dummy-5] [root/event_listener.py:125]: Komorebi connected to named pipe: yasb-c369f277-38b0-11f0-9ed9-38d57a9b2324
2025-05-24 17:07:37,001 [INFO] [MainThread] [root/controller.py:12]: Reloading Application because of config update...
2025-05-24 17:07:37,108 [INFO] [MainThread] [cli_server/cli_server.py:112]: Log pipe server stopped
2025-05-24 17:07:37,108 [DEBUG] [MainThread] [cli_server/cli_server.py:206]: CLI server stopped
2025-05-24 17:07:37,112 [DEBUG] [MainThread] [qasync._windows._EventPoller/_windows.py:218]: Stopping worker thread...
2025-05-24 17:07:37,123 [DEBUG] [Dummy-8] [qasync._windows._EventWorker/_windows.py:201]: Exiting thread
2025-05-24 17:07:37,123 [DEBUG] [MainThread] [qasync._windows._IocpProactor/_windows.py:75]: Closing
2025-05-24 17:07:37,326 [INFO] [MainThread] [root/log.py:59]: Yasb v1.7.4
2025-05-24 17:07:37,327 [INFO] [Thread-1 (_run_server)] [cli_server/cli_server.py:212]: CLI server started v1.1.1
2025-05-24 17:07:37,327 [INFO] [MainThread] [cli_server/cli_server.py:104]: Log pipe server started
2025-05-24 17:07:37,530 [DEBUG] [MainThread] [comtypes/__init__.py:149]: CoInitializeEx(None, 2)
2025-05-24 17:07:37,585 [DEBUG] [MainThread] [tzlocal/win32.py:55]: Looking up time zone info from registry
2025-05-24 17:07:37,854 [INFO] [MainThread] [root/watcher.py:55]: Created file watcher for path C:\Users\taylo\.config\yasb
2025-05-24 17:07:37,874 [INFO] [Dummy-5] [root/event_listener.py:53]: Created named pipe yasb-d4785bbf-38b0-11f0-9baf-38d57a9b2324
2025-05-24 17:07:37,908 [DEBUG] [MainThread] [qasync._windows._EventPoller/_windows.py:213]: Starting (proactor: <_IocpProactor overlapped#=0 result#=0>)...
2025-05-24 17:07:37,914 [DEBUG] [Dummy-8] [qasync._windows._EventWorker/_windows.py:192]: Thread started
2025-05-24 17:07:37,970 [INFO] [Dummy-5] [root/event_listener.py:125]: Komorebi connected to named pipe: yasb-d4785bbf-38b0-11f0-9baf-38d57a9b2324
2025-05-24 17:08:32,948 [INFO] [MainThread] [root/controller.py:12]: Reloading Application because of config update...
2025-05-24 17:08:33,055 [INFO] [MainThread] [cli_server/cli_server.py:112]: Log pipe server stopped
2025-05-24 17:08:33,055 [DEBUG] [MainThread] [cli_server/cli_server.py:206]: CLI server stopped
2025-05-24 17:08:33,058 [DEBUG] [MainThread] [qasync._windows._EventPoller/_windows.py:218]: Stopping worker thread...
2025-05-24 17:08:33,071 [DEBUG] [Dummy-8] [qasync._windows._EventWorker/_windows.py:201]: Exiting thread
2025-05-24 17:08:33,071 [DEBUG] [MainThread] [qasync._windows._IocpProactor/_windows.py:75]: Closing
2025-05-24 17:08:33,084 [ERROR] [Dummy-5] [root/event_service.py:30]: Failed to emit signal <bound PYQT_SIGNAL k_signal_update of WorkspaceWidget object at 0x000002A6D23A7D90>. Removing link to KomorebiEvent.KomorebiUpdate.
2025-05-24 17:08:33,084 [ERROR] [Dummy-5] [root/event_service.py:30]: Failed to emit signal <bound PYQT_SIGNAL k_signal_update of WorkspaceWidget object at 0x000002A6D28DB750>. Removing link to KomorebiEvent.KomorebiUpdate.
2025-05-24 17:08:33,269 [INFO] [MainThread] [root/log.py:59]: Yasb v1.7.4
2025-05-24 17:08:33,269 [INFO] [Thread-1 (_run_server)] [cli_server/cli_server.py:212]: CLI server started v1.1.1
2025-05-24 17:08:33,269 [INFO] [MainThread] [cli_server/cli_server.py:104]: Log pipe server started
2025-05-24 17:08:33,495 [DEBUG] [MainThread] [comtypes/__init__.py:149]: CoInitializeEx(None, 2)
2025-05-24 17:08:33,548 [DEBUG] [MainThread] [tzlocal/win32.py:55]: Looking up time zone info from registry
2025-05-24 17:08:33,786 [INFO] [MainThread] [root/watcher.py:55]: Created file watcher for path C:\Users\taylo\.config\yasb
2025-05-24 17:08:33,804 [INFO] [Dummy-5] [root/event_listener.py:53]: Created named pipe yasb-f5cee46b-38b0-11f0-b038-38d57a9b2324
2025-05-24 17:08:33,827 [DEBUG] [MainThread] [qasync._windows._EventPoller/_windows.py:213]: Starting (proactor: <_IocpProactor overlapped#=0 result#=0>)...
2025-05-24 17:08:33,831 [DEBUG] [Dummy-8] [qasync._windows._EventWorker/_windows.py:192]: Thread started
2025-05-24 17:08:33,889 [INFO] [Dummy-5] [root/event_listener.py:125]: Komorebi connected to named pipe: yasb-f5cee46b-38b0-11f0-b038-38d57a9b2324
2025-05-24 17:08:39,995 [INFO] [MainThread] [root/controller.py:12]: Reloading Application because of config update...
2025-05-24 17:08:40,096 [INFO] [MainThread] [cli_server/cli_server.py:112]: Log pipe server stopped
2025-05-24 17:08:40,096 [DEBUG] [MainThread] [cli_server/cli_server.py:206]: CLI server stopped
2025-05-24 17:08:40,098 [DEBUG] [MainThread] [qasync._windows._EventPoller/_windows.py:218]: Stopping worker thread...
2025-05-24 17:08:40,111 [DEBUG] [Dummy-8] [qasync._windows._EventWorker/_windows.py:201]: Exiting thread
2025-05-24 17:08:40,111 [DEBUG] [MainThread] [qasync._windows._IocpProactor/_windows.py:75]: Closing
2025-05-24 17:08:40,315 [INFO] [MainThread] [root/log.py:59]: Yasb v1.7.4
2025-05-24 17:08:40,315 [INFO] [Thread-1 (_run_server)] [cli_server/cli_server.py:212]: CLI server started v1.1.1
2025-05-24 17:08:40,317 [INFO] [MainThread] [cli_server/cli_server.py:104]: Log pipe server started
2025-05-24 17:08:40,481 [DEBUG] [MainThread] [comtypes/__init__.py:149]: CoInitializeEx(None, 2)
2025-05-24 17:08:40,536 [DEBUG] [MainThread] [tzlocal/win32.py:55]: Looking up time zone info from registry
2025-05-24 17:08:40,805 [INFO] [MainThread] [root/watcher.py:55]: Created file watcher for path C:\Users\taylo\.config\yasb
2025-05-24 17:08:40,825 [INFO] [Dummy-5] [root/event_listener.py:53]: Created named pipe yasb-f9fdd67c-38b0-11f0-9baf-38d57a9b2324
2025-05-24 17:08:40,848 [DEBUG] [MainThread] [qasync._windows._EventPoller/_windows.py:213]: Starting (proactor: <_IocpProactor overlapped#=0 result#=0>)...
2025-05-24 17:08:40,852 [DEBUG] [Dummy-8] [qasync._windows._EventWorker/_windows.py:192]: Thread started
2025-05-24 17:08:40,913 [INFO] [Dummy-5] [root/event_listener.py:125]: Komorebi connected to named pipe: yasb-f9fdd67c-38b0-11f0-9baf-38d57a9b2324
2025-05-24 17:08:45,439 [INFO] [MainThread] [root/controller.py:12]: Reloading Application because of config update...
2025-05-24 17:08:45,541 [INFO] [MainThread] [cli_server/cli_server.py:112]: Log pipe server stopped
2025-05-24 17:08:45,541 [DEBUG] [MainThread] [cli_server/cli_server.py:206]: CLI server stopped
2025-05-24 17:08:45,545 [DEBUG] [MainThread] [qasync._windows._EventPoller/_windows.py:218]: Stopping worker thread...
2025-05-24 17:08:45,557 [DEBUG] [Dummy-8] [qasync._windows._EventWorker/_windows.py:201]: Exiting thread
2025-05-24 17:08:45,558 [DEBUG] [MainThread] [qasync._windows._IocpProactor/_windows.py:75]: Closing
2025-05-24 17:08:45,570 [ERROR] [Dummy-5] [root/event_service.py:30]: Failed to emit signal <bound PYQT_SIGNAL k_signal_update of WorkspaceWidget object at 0x000001B929CE7D90>. Removing link to KomorebiEvent.KomorebiUpdate.
2025-05-24 17:08:45,570 [ERROR] [Dummy-5] [root/event_service.py:30]: Failed to emit signal <bound PYQT_SIGNAL k_signal_update of WorkspaceWidget object at 0x000001B92A21B750>. Removing link to KomorebiEvent.KomorebiUpdate.
2025-05-24 17:08:45,755 [INFO] [MainThread] [root/log.py:59]: Yasb v1.7.4
2025-05-24 17:08:45,756 [INFO] [Thread-1 (_run_server)] [cli_server/cli_server.py:212]: CLI server started v1.1.1
2025-05-24 17:08:45,757 [INFO] [MainThread] [cli_server/cli_server.py:104]: Log pipe server started
2025-05-24 17:08:45,917 [DEBUG] [MainThread] [comtypes/__init__.py:149]: CoInitializeEx(None, 2)
2025-05-24 17:08:45,973 [DEBUG] [MainThread] [tzlocal/win32.py:55]: Looking up time zone info from registry
2025-05-24 17:08:46,240 [INFO] [MainThread] [root/watcher.py:55]: Created file watcher for path C:\Users\taylo\.config\yasb
2025-05-24 17:08:46,260 [INFO] [Dummy-5] [root/event_listener.py:53]: Created named pipe yasb-fd3b3962-38b0-11f0-b55b-38d57a9b2324
2025-05-24 17:08:46,284 [DEBUG] [MainThread] [qasync._windows._EventPoller/_windows.py:213]: Starting (proactor: <_IocpProactor overlapped#=0 result#=0>)...
2025-05-24 17:08:46,287 [DEBUG] [Dummy-8] [qasync._windows._EventWorker/_windows.py:192]: Thread started
2025-05-24 17:08:46,352 [INFO] [Dummy-5] [root/event_listener.py:125]: Komorebi connected to named pipe: yasb-fd3b3962-38b0-11f0-b55b-38d57a9b2324
2025-05-24 17:08:49,180 [INFO] [MainThread] [root/controller.py:12]: Reloading Application because of config update...
2025-05-24 17:08:49,293 [INFO] [MainThread] [cli_server/cli_server.py:112]: Log pipe server stopped
2025-05-24 17:08:49,293 [DEBUG] [MainThread] [cli_server/cli_server.py:206]: CLI server stopped
2025-05-24 17:08:49,298 [DEBUG] [MainThread] [qasync._windows._EventPoller/_windows.py:218]: Stopping worker thread...
2025-05-24 17:08:49,309 [DEBUG] [Dummy-8] [qasync._windows._EventWorker/_windows.py:201]: Exiting thread
2025-05-24 17:08:49,309 [DEBUG] [MainThread] [qasync._windows._IocpProactor/_windows.py:75]: Closing
2025-05-24 17:08:49,525 [INFO] [MainThread] [root/log.py:59]: Yasb v1.7.4
2025-05-24 17:08:49,525 [INFO] [Thread-1 (_run_server)] [cli_server/cli_server.py:212]: CLI server started v1.1.1
2025-05-24 17:08:49,525 [INFO] [MainThread] [cli_server/cli_server.py:104]: Log pipe server started
2025-05-24 17:08:49,709 [DEBUG] [MainThread] [comtypes/__init__.py:149]: CoInitializeEx(None, 2)
2025-05-24 17:08:49,762 [DEBUG] [MainThread] [tzlocal/win32.py:55]: Looking up time zone info from registry
2025-05-24 17:08:50,015 [INFO] [MainThread] [root/watcher.py:55]: Created file watcher for path C:\Users\taylo\.config\yasb
2025-05-24 17:08:50,036 [INFO] [Dummy-5] [root/event_listener.py:53]: Created named pipe yasb-ff7b5519-38b0-11f0-8216-38d57a9b2324
2025-05-24 17:08:50,066 [DEBUG] [MainThread] [qasync._windows._EventPoller/_windows.py:213]: Starting (proactor: <_IocpProactor overlapped#=0 result#=0>)...
2025-05-24 17:08:50,068 [DEBUG] [Dummy-8] [qasync._windows._EventWorker/_windows.py:192]: Thread started
2025-05-24 17:08:50,126 [INFO] [Dummy-5] [root/event_listener.py:125]: Komorebi connected to named pipe: yasb-ff7b5519-38b0-11f0-8216-38d57a9b2324
2025-05-24 17:08:52,586 [INFO] [MainThread] [root/controller.py:12]: Reloading Application because of config update...
2025-05-24 17:08:52,690 [INFO] [MainThread] [cli_server/cli_server.py:112]: Log pipe server stopped
2025-05-24 17:08:52,690 [DEBUG] [MainThread] [cli_server/cli_server.py:206]: CLI server stopped
2025-05-24 17:08:52,693 [DEBUG] [MainThread] [qasync._windows._EventPoller/_windows.py:218]: Stopping worker thread...
2025-05-24 17:08:52,706 [DEBUG] [Dummy-8] [qasync._windows._EventWorker/_windows.py:201]: Exiting thread
2025-05-24 17:08:52,706 [DEBUG] [MainThread] [qasync._windows._IocpProactor/_windows.py:75]: Closing
2025-05-24 17:08:52,911 [INFO] [MainThread] [root/log.py:59]: Yasb v1.7.4
2025-05-24 17:08:52,911 [INFO] [Thread-1 (_run_server)] [cli_server/cli_server.py:212]: CLI server started v1.1.1
2025-05-24 17:08:52,911 [INFO] [MainThread] [cli_server/cli_server.py:104]: Log pipe server started
2025-05-24 17:08:53,088 [DEBUG] [MainThread] [comtypes/__init__.py:149]: CoInitializeEx(None, 2)
2025-05-24 17:08:53,139 [DEBUG] [MainThread] [tzlocal/win32.py:55]: Looking up time zone info from registry
2025-05-24 17:08:53,437 [INFO] [MainThread] [root/watcher.py:55]: Created file watcher for path C:\Users\taylo\.config\yasb
2025-05-24 17:08:53,468 [INFO] [Dummy-5] [root/event_listener.py:53]: Created named pipe yasb-018582fc-38b1-11f0-b5fd-38d57a9b2324
2025-05-24 17:08:53,506 [DEBUG] [MainThread] [qasync._windows._EventPoller/_windows.py:213]: Starting (proactor: <_IocpProactor overlapped#=0 result#=0>)...
2025-05-24 17:08:53,509 [DEBUG] [Dummy-8] [qasync._windows._EventWorker/_windows.py:192]: Thread started
2025-05-24 17:08:53,563 [INFO] [Dummy-5] [root/event_listener.py:125]: Komorebi connected to named pipe: yasb-018582fc-38b1-11f0-b5fd-38d57a9b2324
2025-05-24 17:10:23,175 [INFO] [MainThread] [root/controller.py:12]: Reloading Application because of config update...
2025-05-24 17:10:23,279 [INFO] [MainThread] [cli_server/cli_server.py:112]: Log pipe server stopped
2025-05-24 17:10:23,279 [DEBUG] [MainThread] [cli_server/cli_server.py:206]: CLI server stopped
2025-05-24 17:10:23,282 [DEBUG] [MainThread] [qasync._windows._EventPoller/_windows.py:218]: Stopping worker thread...
2025-05-24 17:10:23,295 [DEBUG] [Dummy-8] [qasync._windows._EventWorker/_windows.py:201]: Exiting thread
2025-05-24 17:10:23,295 [DEBUG] [MainThread] [qasync._windows._IocpProactor/_windows.py:75]: Closing
2025-05-24 17:10:23,496 [INFO] [MainThread] [root/log.py:59]: Yasb v1.7.4
2025-05-24 17:10:23,496 [INFO] [Thread-1 (_run_server)] [cli_server/cli_server.py:212]: CLI server started v1.1.1
2025-05-24 17:10:23,496 [INFO] [MainThread] [cli_server/cli_server.py:104]: Log pipe server started
2025-05-24 17:10:23,756 [DEBUG] [MainThread] [comtypes/__init__.py:149]: CoInitializeEx(None, 2)
2025-05-24 17:10:23,814 [DEBUG] [MainThread] [tzlocal/win32.py:55]: Looking up time zone info from registry
2025-05-24 17:10:24,070 [INFO] [MainThread] [root/watcher.py:55]: Created file watcher for path C:\Users\taylo\.config\yasb
2025-05-24 17:10:24,078 [INFO] [Dummy-5] [root/event_listener.py:53]: Created named pipe yasb-378aff42-38b1-11f0-8bee-38d57a9b2324
2025-05-24 17:10:24,124 [DEBUG] [MainThread] [qasync._windows._EventPoller/_windows.py:213]: Starting (proactor: <_IocpProactor overlapped#=0 result#=0>)...
2025-05-24 17:10:24,126 [DEBUG] [Dummy-8] [qasync._windows._EventWorker/_windows.py:192]: Thread started
2025-05-24 17:10:24,227 [INFO] [Dummy-5] [root/event_listener.py:125]: Komorebi connected to named pipe: yasb-378aff42-38b1-11f0-8bee-38d57a9b2324
2025-05-24 17:10:45,014 [INFO] [MainThread] [root/controller.py:12]: Reloading Application because of config update...
2025-05-24 17:10:45,124 [INFO] [MainThread] [cli_server/cli_server.py:112]: Log pipe server stopped
2025-05-24 17:10:45,124 [DEBUG] [MainThread] [cli_server/cli_server.py:206]: CLI server stopped
2025-05-24 17:10:45,129 [DEBUG] [MainThread] [qasync._windows._EventPoller/_windows.py:218]: Stopping worker thread...
2025-05-24 17:10:45,140 [DEBUG] [Dummy-8] [qasync._windows._EventWorker/_windows.py:201]: Exiting thread
2025-05-24 17:10:45,140 [DEBUG] [MainThread] [qasync._windows._IocpProactor/_windows.py:75]: Closing
2025-05-24 17:10:45,346 [INFO] [MainThread] [root/log.py:59]: Yasb v1.7.4
2025-05-24 17:10:45,346 [INFO] [Thread-1 (_run_server)] [cli_server/cli_server.py:212]: CLI server started v1.1.1
2025-05-24 17:10:45,347 [INFO] [MainThread] [cli_server/cli_server.py:104]: Log pipe server started
2025-05-24 17:10:45,514 [DEBUG] [MainThread] [comtypes/__init__.py:149]: CoInitializeEx(None, 2)
2025-05-24 17:10:45,570 [DEBUG] [MainThread] [tzlocal/win32.py:55]: Looking up time zone info from registry
2025-05-24 17:10:45,867 [INFO] [MainThread] [root/watcher.py:55]: Created file watcher for path C:\Users\taylo\.config\yasb
2025-05-24 17:10:45,890 [INFO] [Dummy-5] [root/event_listener.py:53]: Created named pipe yasb-44889d2e-38b1-11f0-973d-38d57a9b2324
2025-05-24 17:10:45,918 [DEBUG] [MainThread] [qasync._windows._EventPoller/_windows.py:213]: Starting (proactor: <_IocpProactor overlapped#=0 result#=0>)...
2025-05-24 17:10:45,920 [DEBUG] [Dummy-8] [qasync._windows._EventWorker/_windows.py:192]: Thread started
2025-05-24 17:10:45,989 [INFO] [Dummy-5] [root/event_listener.py:125]: Komorebi connected to named pipe: yasb-44889d2e-38b1-11f0-973d-38d57a9b2324
2025-05-24 17:11:01,763 [INFO] [MainThread] [root/controller.py:12]: Reloading Application because of config update...
2025-05-24 17:11:01,867 [INFO] [MainThread] [cli_server/cli_server.py:112]: Log pipe server stopped
2025-05-24 17:11:01,867 [DEBUG] [MainThread] [cli_server/cli_server.py:206]: CLI server stopped
2025-05-24 17:11:01,870 [DEBUG] [MainThread] [qasync._windows._EventPoller/_windows.py:218]: Stopping worker thread...
2025-05-24 17:11:01,883 [DEBUG] [Dummy-8] [qasync._windows._EventWorker/_windows.py:201]: Exiting thread
2025-05-24 17:11:01,883 [DEBUG] [MainThread] [qasync._windows._IocpProactor/_windows.py:75]: Closing
2025-05-24 17:11:02,082 [INFO] [MainThread] [root/log.py:59]: Yasb v1.7.4
2025-05-24 17:11:02,083 [INFO] [Thread-1 (_run_server)] [cli_server/cli_server.py:212]: CLI server started v1.1.1
2025-05-24 17:11:02,083 [INFO] [MainThread] [cli_server/cli_server.py:104]: Log pipe server started
2025-05-24 17:11:02,298 [DEBUG] [MainThread] [comtypes/__init__.py:149]: CoInitializeEx(None, 2)
2025-05-24 17:11:02,351 [DEBUG] [MainThread] [tzlocal/win32.py:55]: Looking up time zone info from registry
2025-05-24 17:11:02,615 [INFO] [MainThread] [root/watcher.py:55]: Created file watcher for path C:\Users\taylo\.config\yasb
2025-05-24 17:11:02,637 [INFO] [Dummy-5] [root/event_listener.py:53]: Created named pipe yasb-4e84309d-38b1-11f0-a45c-38d57a9b2324
2025-05-24 17:11:02,659 [DEBUG] [MainThread] [qasync._windows._EventPoller/_windows.py:213]: Starting (proactor: <_IocpProactor overlapped#=0 result#=0>)...
2025-05-24 17:11:02,662 [DEBUG] [Dummy-8] [qasync._windows._EventWorker/_windows.py:192]: Thread started
2025-05-24 17:11:02,731 [INFO] [Dummy-5] [root/event_listener.py:125]: Komorebi connected to named pipe: yasb-4e84309d-38b1-11f0-a45c-38d57a9b2324
2025-05-24 17:11:12,915 [INFO] [MainThread] [root/controller.py:12]: Reloading Application because of config update...
2025-05-24 17:11:13,016 [INFO] [MainThread] [cli_server/cli_server.py:112]: Log pipe server stopped
2025-05-24 17:11:13,016 [DEBUG] [MainThread] [cli_server/cli_server.py:206]: CLI server stopped
2025-05-24 17:11:13,019 [DEBUG] [MainThread] [qasync._windows._EventPoller/_windows.py:218]: Stopping worker thread...
2025-05-24 17:11:13,032 [DEBUG] [Dummy-8] [qasync._windows._EventWorker/_windows.py:201]: Exiting thread
2025-05-24 17:11:13,032 [DEBUG] [MainThread] [qasync._windows._IocpProactor/_windows.py:75]: Closing
2025-05-24 17:11:13,047 [ERROR] [Dummy-5] [root/event_service.py:30]: Failed to emit signal <bound PYQT_SIGNAL k_signal_update of WorkspaceWidget object at 0x0000024B832D7D90>. Removing link to KomorebiEvent.KomorebiUpdate.
2025-05-24 17:11:13,047 [ERROR] [Dummy-5] [root/event_service.py:30]: Failed to emit signal <bound PYQT_SIGNAL k_signal_update of WorkspaceWidget object at 0x0000024B8374B750>. Removing link to KomorebiEvent.KomorebiUpdate.
2025-05-24 17:11:13,047 [ERROR] [Dummy-5] [root/event_service.py:30]: Failed to emit signal <bound PYQT_SIGNAL k_signal_update of ActiveLayoutWidget object at 0x0000024B832D6F30>. Removing link to KomorebiEvent.KomorebiUpdate.
2025-05-24 17:11:13,232 [INFO] [MainThread] [root/log.py:59]: Yasb v1.7.4
2025-05-24 17:11:13,232 [INFO] [Thread-1 (_run_server)] [cli_server/cli_server.py:212]: CLI server started v1.1.1
2025-05-24 17:11:13,232 [INFO] [MainThread] [cli_server/cli_server.py:104]: Log pipe server started
2025-05-24 17:11:13,453 [DEBUG] [MainThread] [comtypes/__init__.py:149]: CoInitializeEx(None, 2)
2025-05-24 17:11:13,523 [DEBUG] [MainThread] [tzlocal/win32.py:55]: Looking up time zone info from registry
2025-05-24 17:11:13,752 [INFO] [MainThread] [root/watcher.py:55]: Created file watcher for path C:\Users\taylo\.config\yasb
2025-05-24 17:11:13,772 [INFO] [Dummy-5] [root/event_listener.py:53]: Created named pipe yasb-5527ba64-38b1-11f0-9dd8-38d57a9b2324
2025-05-24 17:11:13,794 [DEBUG] [MainThread] [qasync._windows._EventPoller/_windows.py:213]: Starting (proactor: <_IocpProactor overlapped#=0 result#=0>)...
2025-05-24 17:11:13,798 [DEBUG] [Dummy-8] [qasync._windows._EventWorker/_windows.py:192]: Thread started
2025-05-24 17:11:13,858 [INFO] [Dummy-5] [root/event_listener.py:125]: Komorebi connected to named pipe: yasb-5527ba64-38b1-11f0-9dd8-38d57a9b2324
2025-05-24 17:11:23,044 [INFO] [MainThread] [root/controller.py:12]: Reloading Application because of config update...
2025-05-24 17:11:23,144 [INFO] [MainThread] [cli_server/cli_server.py:112]: Log pipe server stopped
2025-05-24 17:11:23,144 [DEBUG] [MainThread] [cli_server/cli_server.py:206]: CLI server stopped
2025-05-24 17:11:23,148 [DEBUG] [MainThread] [qasync._windows._EventPoller/_windows.py:218]: Stopping worker thread...
2025-05-24 17:11:23,160 [DEBUG] [Dummy-8] [qasync._windows._EventWorker/_windows.py:201]: Exiting thread
2025-05-24 17:11:23,160 [DEBUG] [MainThread] [qasync._windows._IocpProactor/_windows.py:75]: Closing
2025-05-24 17:11:23,355 [INFO] [MainThread] [root/log.py:59]: Yasb v1.7.4
2025-05-24 17:11:23,355 [INFO] [Thread-1 (_run_server)] [cli_server/cli_server.py:212]: CLI server started v1.1.1
2025-05-24 17:11:23,355 [INFO] [MainThread] [cli_server/cli_server.py:104]: Log pipe server started
2025-05-24 17:11:23,578 [DEBUG] [MainThread] [comtypes/__init__.py:149]: CoInitializeEx(None, 2)
2025-05-24 17:11:23,637 [DEBUG] [MainThread] [tzlocal/win32.py:55]: Looking up time zone info from registry
2025-05-24 17:11:23,869 [INFO] [MainThread] [root/watcher.py:55]: Created file watcher for path C:\Users\taylo\.config\yasb
2025-05-24 17:11:23,892 [INFO] [Dummy-5] [root/event_listener.py:53]: Created named pipe yasb-5b2f899c-38b1-11f0-8c40-38d57a9b2324
2025-05-24 17:11:23,924 [DEBUG] [MainThread] [qasync._windows._EventPoller/_windows.py:213]: Starting (proactor: <_IocpProactor overlapped#=0 result#=0>)...
2025-05-24 17:11:23,925 [DEBUG] [Dummy-8] [qasync._windows._EventWorker/_windows.py:192]: Thread started
2025-05-24 17:11:23,988 [INFO] [Dummy-5] [root/event_listener.py:125]: Komorebi connected to named pipe: yasb-5b2f899c-38b1-11f0-8c40-38d57a9b2324
2025-05-24 17:11:27,753 [INFO] [MainThread] [root/controller.py:12]: Reloading Application because of config update...
2025-05-24 17:11:27,866 [INFO] [MainThread] [cli_server/cli_server.py:112]: Log pipe server stopped
2025-05-24 17:11:27,866 [DEBUG] [MainThread] [cli_server/cli_server.py:206]: CLI server stopped
2025-05-24 17:11:27,870 [DEBUG] [MainThread] [qasync._windows._EventPoller/_windows.py:218]: Stopping worker thread...
2025-05-24 17:11:27,882 [DEBUG] [Dummy-8] [qasync._windows._EventWorker/_windows.py:201]: Exiting thread
2025-05-24 17:11:27,882 [DEBUG] [MainThread] [qasync._windows._IocpProactor/_windows.py:75]: Closing
2025-05-24 17:11:28,083 [INFO] [MainThread] [root/log.py:59]: Yasb v1.7.4
2025-05-24 17:11:28,083 [INFO] [Thread-1 (_run_server)] [cli_server/cli_server.py:212]: CLI server started v1.1.1
2025-05-24 17:11:28,083 [INFO] [MainThread] [cli_server/cli_server.py:104]: Log pipe server started
2025-05-24 17:11:28,269 [DEBUG] [MainThread] [comtypes/__init__.py:149]: CoInitializeEx(None, 2)
2025-05-24 17:11:28,322 [DEBUG] [MainThread] [tzlocal/win32.py:55]: Looking up time zone info from registry
2025-05-24 17:11:28,574 [INFO] [MainThread] [root/watcher.py:55]: Created file watcher for path C:\Users\taylo\.config\yasb
2025-05-24 17:11:28,597 [INFO] [Dummy-5] [root/event_listener.py:53]: Created named pipe yasb-5dfd8c7a-38b1-11f0-b19e-38d57a9b2324
2025-05-24 17:11:28,629 [DEBUG] [MainThread] [qasync._windows._EventPoller/_windows.py:213]: Starting (proactor: <_IocpProactor overlapped#=0 result#=0>)...
2025-05-24 17:11:28,630 [DEBUG] [Dummy-8] [qasync._windows._EventWorker/_windows.py:192]: Thread started
2025-05-24 17:11:28,683 [INFO] [Dummy-5] [root/event_listener.py:125]: Komorebi connected to named pipe: yasb-5dfd8c7a-38b1-11f0-b19e-38d57a9b2324
2025-05-24 17:12:37,165 [INFO] [MainThread] [root/controller.py:12]: Reloading Application because of config update...
2025-05-24 17:12:37,266 [INFO] [MainThread] [cli_server/cli_server.py:112]: Log pipe server stopped
2025-05-24 17:12:37,266 [DEBUG] [MainThread] [cli_server/cli_server.py:206]: CLI server stopped
2025-05-24 17:12:37,269 [DEBUG] [MainThread] [qasync._windows._EventPoller/_windows.py:218]: Stopping worker thread...
2025-05-24 17:12:37,281 [DEBUG] [Dummy-8] [qasync._windows._EventWorker/_windows.py:201]: Exiting thread
2025-05-24 17:12:37,281 [DEBUG] [MainThread] [qasync._windows._IocpProactor/_windows.py:75]: Closing
2025-05-24 17:12:37,482 [INFO] [MainThread] [root/log.py:59]: Yasb v1.7.4
2025-05-24 17:12:37,483 [INFO] [Thread-1 (_run_server)] [cli_server/cli_server.py:212]: CLI server started v1.1.1
2025-05-24 17:12:37,483 [INFO] [MainThread] [cli_server/cli_server.py:104]: Log pipe server started
2025-05-24 17:12:37,666 [DEBUG] [MainThread] [comtypes/__init__.py:149]: CoInitializeEx(None, 2)
2025-05-24 17:12:37,720 [DEBUG] [MainThread] [tzlocal/win32.py:55]: Looking up time zone info from registry
2025-05-24 17:12:37,880 [WARNING] [MainThread] [root/widget_builder.py:35]: Ignoring construction of invalid widget 'whkd'
2025-05-24 17:12:37,981 [ERROR] [MainThread] [root/widget_builder.py:88]: Failed to validate widget(s) due to invalid options  - whkd
      container_margin:
      - unknown field
      
2025-05-24 17:12:37,996 [INFO] [Dummy-3] [root/event_listener.py:53]: Created named pipe yasb-875c1116-38b1-11f0-b262-38d57a9b2324
2025-05-24 17:12:38,101 [INFO] [Dummy-3] [root/event_listener.py:125]: Komorebi connected to named pipe: yasb-875c1116-38b1-11f0-b262-38d57a9b2324
2025-05-24 17:12:55,455 [INFO] [MainThread] [root/log.py:59]: Yasb v1.7.4
2025-05-24 17:12:55,457 [INFO] [Thread-1 (_run_server)] [cli_server/cli_server.py:212]: CLI server started v1.1.1
2025-05-24 17:12:55,457 [INFO] [MainThread] [cli_server/cli_server.py:104]: Log pipe server started
2025-05-24 17:12:55,566 [DEBUG] [MainThread] [comtypes/__init__.py:149]: CoInitializeEx(None, 2)
2025-05-24 17:12:55,618 [DEBUG] [MainThread] [tzlocal/win32.py:55]: Looking up time zone info from registry
2025-05-24 17:12:56,208 [INFO] [MainThread] [root/watcher.py:55]: Created file watcher for path C:\Users\taylo\.config\yasb
2025-05-24 17:12:56,251 [INFO] [Dummy-5] [root/event_listener.py:53]: Created named pipe yasb-9239629d-38b1-11f0-9412-38d57a9b2324
2025-05-24 17:12:56,267 [DEBUG] [MainThread] [qasync._windows._EventPoller/_windows.py:213]: Starting (proactor: <_IocpProactor overlapped#=0 result#=0>)...
2025-05-24 17:12:56,269 [DEBUG] [Dummy-8] [qasync._windows._EventWorker/_windows.py:192]: Thread started
2025-05-24 17:12:56,304 [INFO] [Dummy-5] [root/event_listener.py:125]: Komorebi connected to named pipe: yasb-9239629d-38b1-11f0-9412-38d57a9b2324
2025-05-24 17:29:36,143 [INFO] [MainThread] [root/controller.py:12]: Reloading Application because of config update...
2025-05-24 17:29:36,246 [INFO] [MainThread] [cli_server/cli_server.py:112]: Log pipe server stopped
2025-05-24 17:29:36,246 [DEBUG] [MainThread] [cli_server/cli_server.py:206]: CLI server stopped
2025-05-24 17:29:36,249 [DEBUG] [MainThread] [qasync._windows._EventPoller/_windows.py:218]: Stopping worker thread...
2025-05-24 17:29:36,262 [DEBUG] [Dummy-8] [qasync._windows._EventWorker/_windows.py:201]: Exiting thread
2025-05-24 17:29:36,262 [DEBUG] [MainThread] [qasync._windows._IocpProactor/_windows.py:75]: Closing
2025-05-24 17:29:36,468 [INFO] [MainThread] [root/log.py:59]: Yasb v1.7.4
2025-05-24 17:29:36,469 [INFO] [Thread-1 (_run_server)] [cli_server/cli_server.py:212]: CLI server started v1.1.1
2025-05-24 17:29:36,469 [INFO] [MainThread] [cli_server/cli_server.py:104]: Log pipe server started
2025-05-24 17:29:36,684 [DEBUG] [MainThread] [comtypes/__init__.py:149]: CoInitializeEx(None, 2)
2025-05-24 17:29:36,739 [DEBUG] [MainThread] [tzlocal/win32.py:55]: Looking up time zone info from registry
2025-05-24 17:29:37,029 [INFO] [MainThread] [root/watcher.py:55]: Created file watcher for path C:\Users\taylo\.config\yasb
2025-05-24 17:29:37,059 [INFO] [Dummy-5] [root/event_listener.py:53]: Created named pipe yasb-e6c2796d-38b3-11f0-bb9d-38d57a9b2324
2025-05-24 17:29:37,086 [DEBUG] [MainThread] [qasync._windows._EventPoller/_windows.py:213]: Starting (proactor: <_IocpProactor overlapped#=0 result#=0>)...
2025-05-24 17:29:37,088 [DEBUG] [Dummy-8] [qasync._windows._EventWorker/_windows.py:192]: Thread started
2025-05-24 17:29:37,156 [INFO] [Dummy-5] [root/event_listener.py:125]: Komorebi connected to named pipe: yasb-e6c2796d-38b3-11f0-bb9d-38d57a9b2324
2025-05-24 17:29:52,549 [INFO] [MainThread] [root/controller.py:12]: Reloading Application because of config update...
2025-05-24 17:29:52,651 [INFO] [MainThread] [cli_server/cli_server.py:112]: Log pipe server stopped
2025-05-24 17:29:52,651 [DEBUG] [MainThread] [cli_server/cli_server.py:206]: CLI server stopped
2025-05-24 17:29:52,654 [DEBUG] [MainThread] [qasync._windows._EventPoller/_windows.py:218]: Stopping worker thread...
2025-05-24 17:29:52,666 [DEBUG] [Dummy-8] [qasync._windows._EventWorker/_windows.py:201]: Exiting thread
2025-05-24 17:29:52,667 [DEBUG] [MainThread] [qasync._windows._IocpProactor/_windows.py:75]: Closing
2025-05-24 17:29:52,872 [INFO] [MainThread] [root/log.py:59]: Yasb v1.7.4
2025-05-24 17:29:52,873 [INFO] [Thread-1 (_run_server)] [cli_server/cli_server.py:212]: CLI server started v1.1.1
2025-05-24 17:29:52,873 [INFO] [MainThread] [cli_server/cli_server.py:104]: Log pipe server started
2025-05-24 17:29:53,042 [DEBUG] [MainThread] [comtypes/__init__.py:149]: CoInitializeEx(None, 2)
2025-05-24 17:29:53,100 [DEBUG] [MainThread] [tzlocal/win32.py:55]: Looking up time zone info from registry
2025-05-24 17:29:53,411 [INFO] [MainThread] [root/watcher.py:55]: Created file watcher for path C:\Users\taylo\.config\yasb
2025-05-24 17:29:53,471 [INFO] [Dummy-5] [root/event_listener.py:53]: Created named pipe yasb-f0864068-38b3-11f0-96f5-38d57a9b2324
2025-05-24 17:29:53,498 [DEBUG] [MainThread] [qasync._windows._EventPoller/_windows.py:213]: Starting (proactor: <_IocpProactor overlapped#=0 result#=0>)...
2025-05-24 17:29:53,501 [DEBUG] [Dummy-8] [qasync._windows._EventWorker/_windows.py:192]: Thread started
2025-05-24 17:29:53,559 [INFO] [Dummy-5] [root/event_listener.py:125]: Komorebi connected to named pipe: yasb-f0864068-38b3-11f0-96f5-38d57a9b2324
2025-05-24 17:29:55,651 [DEBUG] [MainThread] [root/blurWindow.py:116]: Failed to apply settings: invalid literal for int() with base 16: 'eon'
2025-05-24 17:30:00,294 [INFO] [MainThread] [root/controller.py:12]: Reloading Application because of config update...
2025-05-24 17:30:00,396 [INFO] [MainThread] [cli_server/cli_server.py:112]: Log pipe server stopped
2025-05-24 17:30:00,396 [DEBUG] [MainThread] [cli_server/cli_server.py:206]: CLI server stopped
2025-05-24 17:30:00,399 [DEBUG] [MainThread] [qasync._windows._EventPoller/_windows.py:218]: Stopping worker thread...
2025-05-24 17:30:00,411 [DEBUG] [Dummy-8] [qasync._windows._EventWorker/_windows.py:201]: Exiting thread
2025-05-24 17:30:00,412 [DEBUG] [MainThread] [qasync._windows._IocpProactor/_windows.py:75]: Closing
2025-05-24 17:30:00,616 [INFO] [MainThread] [root/log.py:59]: Yasb v1.7.4
2025-05-24 17:30:00,617 [INFO] [Thread-1 (_run_server)] [cli_server/cli_server.py:212]: CLI server started v1.1.1
2025-05-24 17:30:00,617 [INFO] [MainThread] [cli_server/cli_server.py:104]: Log pipe server started
2025-05-24 17:30:00,779 [DEBUG] [MainThread] [comtypes/__init__.py:149]: CoInitializeEx(None, 2)
2025-05-24 17:30:00,830 [DEBUG] [MainThread] [tzlocal/win32.py:55]: Looking up time zone info from registry
2025-05-24 17:30:01,131 [INFO] [MainThread] [root/watcher.py:55]: Created file watcher for path C:\Users\taylo\.config\yasb
2025-05-24 17:30:01,180 [INFO] [Dummy-5] [root/event_listener.py:53]: Created named pipe yasb-f520293f-38b3-11f0-81ef-38d57a9b2324
2025-05-24 17:30:01,207 [DEBUG] [MainThread] [qasync._windows._EventPoller/_windows.py:213]: Starting (proactor: <_IocpProactor overlapped#=0 result#=0>)...
2025-05-24 17:30:01,211 [DEBUG] [Dummy-8] [qasync._windows._EventWorker/_windows.py:192]: Thread started
2025-05-24 17:30:01,272 [INFO] [Dummy-5] [root/event_listener.py:125]: Komorebi connected to named pipe: yasb-f520293f-38b3-11f0-81ef-38d57a9b2324
2025-05-24 17:30:13,245 [INFO] [MainThread] [root/controller.py:12]: Reloading Application because of config update...
2025-05-24 17:30:13,360 [INFO] [MainThread] [cli_server/cli_server.py:112]: Log pipe server stopped
2025-05-24 17:30:13,360 [DEBUG] [MainThread] [cli_server/cli_server.py:206]: CLI server stopped
2025-05-24 17:30:13,372 [DEBUG] [MainThread] [qasync._windows._EventPoller/_windows.py:218]: Stopping worker thread...
2025-05-24 17:30:13,375 [DEBUG] [Dummy-8] [qasync._windows._EventWorker/_windows.py:201]: Exiting thread
2025-05-24 17:30:13,375 [DEBUG] [MainThread] [qasync._windows._IocpProactor/_windows.py:75]: Closing
2025-05-24 17:30:13,588 [INFO] [MainThread] [root/log.py:59]: Yasb v1.7.4
2025-05-24 17:30:13,588 [INFO] [Thread-1 (_run_server)] [cli_server/cli_server.py:212]: CLI server started v1.1.1
2025-05-24 17:30:13,588 [INFO] [MainThread] [cli_server/cli_server.py:104]: Log pipe server started
2025-05-24 17:30:13,782 [DEBUG] [MainThread] [comtypes/__init__.py:149]: CoInitializeEx(None, 2)
2025-05-24 17:30:13,835 [DEBUG] [MainThread] [tzlocal/win32.py:55]: Looking up time zone info from registry
2025-05-24 17:30:14,120 [INFO] [MainThread] [root/watcher.py:55]: Created file watcher for path C:\Users\taylo\.config\yasb
2025-05-24 17:30:14,168 [INFO] [Dummy-5] [root/event_listener.py:53]: Created named pipe yasb-fcde090c-38b3-11f0-9725-38d57a9b2324
2025-05-24 17:30:14,196 [DEBUG] [MainThread] [qasync._windows._EventPoller/_windows.py:213]: Starting (proactor: <_IocpProactor overlapped#=0 result#=0>)...
2025-05-24 17:30:14,198 [DEBUG] [Dummy-8] [qasync._windows._EventWorker/_windows.py:192]: Thread started
2025-05-24 17:30:14,254 [INFO] [Dummy-5] [root/event_listener.py:125]: Komorebi connected to named pipe: yasb-fcde090c-38b3-11f0-9725-38d57a9b2324
2025-05-24 17:31:18,821 [INFO] [MainThread] [root/controller.py:12]: Reloading Application because of config update...
2025-05-24 17:31:18,934 [INFO] [MainThread] [cli_server/cli_server.py:112]: Log pipe server stopped
2025-05-24 17:31:18,934 [DEBUG] [MainThread] [cli_server/cli_server.py:206]: CLI server stopped
2025-05-24 17:31:18,938 [DEBUG] [MainThread] [qasync._windows._EventPoller/_windows.py:218]: Stopping worker thread...
2025-05-24 17:31:18,949 [DEBUG] [Dummy-8] [qasync._windows._EventWorker/_windows.py:201]: Exiting thread
2025-05-24 17:31:18,950 [DEBUG] [MainThread] [qasync._windows._IocpProactor/_windows.py:75]: Closing
2025-05-24 17:31:19,161 [INFO] [MainThread] [root/log.py:59]: Yasb v1.7.4
2025-05-24 17:31:19,161 [INFO] [Thread-1 (_run_server)] [cli_server/cli_server.py:212]: CLI server started v1.1.1
2025-05-24 17:31:19,162 [INFO] [MainThread] [cli_server/cli_server.py:104]: Log pipe server started
2025-05-24 17:31:19,333 [DEBUG] [MainThread] [comtypes/__init__.py:149]: CoInitializeEx(None, 2)
2025-05-24 17:31:19,389 [DEBUG] [MainThread] [tzlocal/win32.py:55]: Looking up time zone info from registry
2025-05-24 17:31:19,664 [INFO] [MainThread] [root/watcher.py:55]: Created file watcher for path C:\Users\taylo\.config\yasb
2025-05-24 17:31:19,687 [INFO] [Dummy-5] [root/event_listener.py:53]: Created named pipe yasb-23ef6355-38b4-11f0-ba2d-38d57a9b2324
2025-05-24 17:31:19,712 [DEBUG] [MainThread] [qasync._windows._EventPoller/_windows.py:213]: Starting (proactor: <_IocpProactor overlapped#=0 result#=0>)...
2025-05-24 17:31:19,714 [DEBUG] [Dummy-8] [qasync._windows._EventWorker/_windows.py:192]: Thread started
2025-05-24 17:31:19,771 [INFO] [Dummy-5] [root/event_listener.py:125]: Komorebi connected to named pipe: yasb-23ef6355-38b4-11f0-ba2d-38d57a9b2324
2025-05-24 17:32:01,374 [INFO] [MainThread] [root/controller.py:12]: Reloading Application because of config update...
2025-05-24 17:32:01,488 [INFO] [MainThread] [cli_server/cli_server.py:112]: Log pipe server stopped
2025-05-24 17:32:01,488 [DEBUG] [MainThread] [cli_server/cli_server.py:206]: CLI server stopped
2025-05-24 17:32:01,491 [DEBUG] [MainThread] [qasync._windows._EventPoller/_windows.py:218]: Stopping worker thread...
2025-05-24 17:32:01,504 [DEBUG] [Dummy-8] [qasync._windows._EventWorker/_windows.py:201]: Exiting thread
2025-05-24 17:32:01,504 [DEBUG] [MainThread] [qasync._windows._IocpProactor/_windows.py:75]: Closing
2025-05-24 17:32:01,523 [ERROR] [Dummy-5] [root/event_service.py:30]: Failed to emit signal <bound PYQT_SIGNAL k_signal_update of WorkspaceWidget object at 0x000001F1D99E7D90>. Removing link to KomorebiEvent.KomorebiUpdate.
2025-05-24 17:32:01,523 [ERROR] [Dummy-5] [root/event_service.py:30]: Failed to emit signal <bound PYQT_SIGNAL k_signal_update of WorkspaceWidget object at 0x000001F1D9F1B6B0>. Removing link to KomorebiEvent.KomorebiUpdate.
2025-05-24 17:32:01,706 [INFO] [MainThread] [root/log.py:59]: Yasb v1.7.4
2025-05-24 17:32:01,706 [INFO] [Thread-1 (_run_server)] [cli_server/cli_server.py:212]: CLI server started v1.1.1
2025-05-24 17:32:01,707 [INFO] [MainThread] [cli_server/cli_server.py:104]: Log pipe server started
2025-05-24 17:32:01,902 [DEBUG] [MainThread] [comtypes/__init__.py:149]: CoInitializeEx(None, 2)
2025-05-24 17:32:01,956 [DEBUG] [MainThread] [tzlocal/win32.py:55]: Looking up time zone info from registry
2025-05-24 17:32:02,263 [INFO] [MainThread] [root/watcher.py:55]: Created file watcher for path C:\Users\taylo\.config\yasb
2025-05-24 17:32:02,309 [INFO] [Dummy-5] [root/event_listener.py:53]: Created named pipe yasb-3d535ee2-38b4-11f0-8db0-38d57a9b2324
2025-05-24 17:32:02,342 [DEBUG] [MainThread] [qasync._windows._EventPoller/_windows.py:213]: Starting (proactor: <_IocpProactor overlapped#=0 result#=0>)...
2025-05-24 17:32:02,344 [DEBUG] [Dummy-8] [qasync._windows._EventWorker/_windows.py:192]: Thread started
2025-05-24 17:32:02,401 [INFO] [Dummy-5] [root/event_listener.py:125]: Komorebi connected to named pipe: yasb-3d535ee2-38b4-11f0-8db0-38d57a9b2324
2025-05-24 17:32:24,688 [INFO] [MainThread] [root/controller.py:12]: Reloading Application because of config update...
2025-05-24 17:32:24,790 [INFO] [MainThread] [cli_server/cli_server.py:112]: Log pipe server stopped
2025-05-24 17:32:24,790 [DEBUG] [MainThread] [cli_server/cli_server.py:206]: CLI server stopped
2025-05-24 17:32:24,793 [DEBUG] [MainThread] [qasync._windows._EventPoller/_windows.py:218]: Stopping worker thread...
2025-05-24 17:32:24,805 [DEBUG] [Dummy-8] [qasync._windows._EventWorker/_windows.py:201]: Exiting thread
2025-05-24 17:32:24,805 [DEBUG] [MainThread] [qasync._windows._IocpProactor/_windows.py:75]: Closing
2025-05-24 17:32:24,815 [ERROR] [Dummy-5] [root/event_service.py:30]: Failed to emit signal <bound PYQT_SIGNAL k_signal_update of WorkspaceWidget object at 0x000002C74E9CF750>. Removing link to KomorebiEvent.KomorebiUpdate.
2025-05-24 17:32:25,004 [INFO] [MainThread] [root/log.py:59]: Yasb v1.7.4
2025-05-24 17:32:25,004 [INFO] [Thread-1 (_run_server)] [cli_server/cli_server.py:212]: CLI server started v1.1.1
2025-05-24 17:32:25,004 [INFO] [MainThread] [cli_server/cli_server.py:104]: Log pipe server started
2025-05-24 17:32:25,175 [DEBUG] [MainThread] [comtypes/__init__.py:149]: CoInitializeEx(None, 2)
2025-05-24 17:32:25,236 [DEBUG] [MainThread] [tzlocal/win32.py:55]: Looking up time zone info from registry
2025-05-24 17:32:25,511 [INFO] [MainThread] [root/watcher.py:55]: Created file watcher for path C:\Users\taylo\.config\yasb
2025-05-24 17:32:25,555 [INFO] [Dummy-5] [root/event_listener.py:53]: Created named pipe yasb-4b2ea538-38b4-11f0-9d71-38d57a9b2324
2025-05-24 17:32:25,584 [DEBUG] [MainThread] [qasync._windows._EventPoller/_windows.py:213]: Starting (proactor: <_IocpProactor overlapped#=0 result#=0>)...
2025-05-24 17:32:25,588 [DEBUG] [Dummy-8] [qasync._windows._EventWorker/_windows.py:192]: Thread started
2025-05-24 17:32:25,649 [INFO] [Dummy-5] [root/event_listener.py:125]: Komorebi connected to named pipe: yasb-4b2ea538-38b4-11f0-9d71-38d57a9b2324
2025-05-24 17:32:31,044 [INFO] [MainThread] [root/controller.py:12]: Reloading Application because of config update...
2025-05-24 17:32:31,156 [INFO] [MainThread] [cli_server/cli_server.py:112]: Log pipe server stopped
2025-05-24 17:32:31,156 [DEBUG] [MainThread] [cli_server/cli_server.py:206]: CLI server stopped
2025-05-24 17:32:31,159 [DEBUG] [MainThread] [qasync._windows._EventPoller/_windows.py:218]: Stopping worker thread...
2025-05-24 17:32:31,172 [DEBUG] [Dummy-8] [qasync._windows._EventWorker/_windows.py:201]: Exiting thread
2025-05-24 17:32:31,172 [DEBUG] [MainThread] [qasync._windows._IocpProactor/_windows.py:75]: Closing
2025-05-24 17:32:31,378 [INFO] [MainThread] [root/log.py:59]: Yasb v1.7.4
2025-05-24 17:32:31,378 [INFO] [Thread-1 (_run_server)] [cli_server/cli_server.py:212]: CLI server started v1.1.1
2025-05-24 17:32:31,378 [INFO] [MainThread] [cli_server/cli_server.py:104]: Log pipe server started
2025-05-24 17:32:31,556 [DEBUG] [MainThread] [comtypes/__init__.py:149]: CoInitializeEx(None, 2)
2025-05-24 17:32:31,613 [DEBUG] [MainThread] [tzlocal/win32.py:55]: Looking up time zone info from registry
2025-05-24 17:32:31,862 [INFO] [MainThread] [root/watcher.py:55]: Created file watcher for path C:\Users\taylo\.config\yasb
2025-05-24 17:32:31,883 [INFO] [Dummy-5] [root/event_listener.py:53]: Created named pipe yasb-4ef7f31e-38b4-11f0-b0dd-38d57a9b2324
2025-05-24 17:32:31,905 [DEBUG] [MainThread] [qasync._windows._EventPoller/_windows.py:213]: Starting (proactor: <_IocpProactor overlapped#=0 result#=0>)...
2025-05-24 17:32:31,910 [DEBUG] [Dummy-8] [qasync._windows._EventWorker/_windows.py:192]: Thread started
2025-05-24 17:32:31,966 [INFO] [Dummy-5] [root/event_listener.py:125]: Komorebi connected to named pipe: yasb-4ef7f31e-38b4-11f0-b0dd-38d57a9b2324
2025-05-24 17:32:35,644 [INFO] [MainThread] [root/controller.py:12]: Reloading Application because of config update...
2025-05-24 17:32:35,758 [INFO] [MainThread] [cli_server/cli_server.py:112]: Log pipe server stopped
2025-05-24 17:32:35,758 [DEBUG] [MainThread] [cli_server/cli_server.py:206]: CLI server stopped
2025-05-24 17:32:35,761 [DEBUG] [MainThread] [qasync._windows._EventPoller/_windows.py:218]: Stopping worker thread...
2025-05-24 17:32:35,774 [DEBUG] [Dummy-8] [qasync._windows._EventWorker/_windows.py:201]: Exiting thread
2025-05-24 17:32:35,774 [DEBUG] [MainThread] [qasync._windows._IocpProactor/_windows.py:75]: Closing
2025-05-24 17:32:35,974 [INFO] [MainThread] [root/log.py:59]: Yasb v1.7.4
2025-05-24 17:32:35,974 [INFO] [Thread-1 (_run_server)] [cli_server/cli_server.py:212]: CLI server started v1.1.1
2025-05-24 17:32:35,975 [INFO] [MainThread] [cli_server/cli_server.py:104]: Log pipe server started
2025-05-24 17:32:36,139 [DEBUG] [MainThread] [comtypes/__init__.py:149]: CoInitializeEx(None, 2)
2025-05-24 17:32:36,192 [DEBUG] [MainThread] [tzlocal/win32.py:55]: Looking up time zone info from registry
2025-05-24 17:32:36,477 [INFO] [MainThread] [root/watcher.py:55]: Created file watcher for path C:\Users\taylo\.config\yasb
2025-05-24 17:32:36,500 [INFO] [Dummy-5] [root/event_listener.py:53]: Created named pipe yasb-51b80b2c-38b4-11f0-94d3-38d57a9b2324
2025-05-24 17:32:36,525 [DEBUG] [MainThread] [qasync._windows._EventPoller/_windows.py:213]: Starting (proactor: <_IocpProactor overlapped#=0 result#=0>)...
2025-05-24 17:32:36,528 [DEBUG] [Dummy-8] [qasync._windows._EventWorker/_windows.py:192]: Thread started
2025-05-24 17:32:36,593 [INFO] [Dummy-5] [root/event_listener.py:125]: Komorebi connected to named pipe: yasb-51b80b2c-38b4-11f0-94d3-38d57a9b2324
2025-05-24 17:32:52,507 [INFO] [MainThread] [root/controller.py:12]: Reloading Application because of config update...
2025-05-24 17:32:52,608 [INFO] [MainThread] [cli_server/cli_server.py:112]: Log pipe server stopped
2025-05-24 17:32:52,608 [DEBUG] [MainThread] [cli_server/cli_server.py:206]: CLI server stopped
2025-05-24 17:32:52,612 [DEBUG] [MainThread] [qasync._windows._EventPoller/_windows.py:218]: Stopping worker thread...
2025-05-24 17:32:52,624 [DEBUG] [Dummy-8] [qasync._windows._EventWorker/_windows.py:201]: Exiting thread
2025-05-24 17:32:52,625 [DEBUG] [MainThread] [qasync._windows._IocpProactor/_windows.py:75]: Closing
2025-05-24 17:32:52,820 [INFO] [MainThread] [root/log.py:59]: Yasb v1.7.4
2025-05-24 17:32:52,820 [INFO] [Thread-1 (_run_server)] [cli_server/cli_server.py:212]: CLI server started v1.1.1
2025-05-24 17:32:52,821 [INFO] [MainThread] [cli_server/cli_server.py:104]: Log pipe server started
2025-05-24 17:32:53,015 [DEBUG] [MainThread] [comtypes/__init__.py:149]: CoInitializeEx(None, 2)
2025-05-24 17:32:53,066 [DEBUG] [MainThread] [tzlocal/win32.py:55]: Looking up time zone info from registry
2025-05-24 17:32:53,328 [INFO] [MainThread] [root/watcher.py:55]: Created file watcher for path C:\Users\taylo\.config\yasb
2025-05-24 17:32:53,372 [INFO] [Dummy-5] [root/event_listener.py:53]: Created named pipe yasb-5bc348ba-38b4-11f0-b1db-38d57a9b2324
2025-05-24 17:32:53,401 [DEBUG] [MainThread] [qasync._windows._EventPoller/_windows.py:213]: Starting (proactor: <_IocpProactor overlapped#=0 result#=0>)...
2025-05-24 17:32:53,404 [DEBUG] [Dummy-8] [qasync._windows._EventWorker/_windows.py:192]: Thread started
2025-05-24 17:32:53,465 [INFO] [Dummy-5] [root/event_listener.py:125]: Komorebi connected to named pipe: yasb-5bc348ba-38b4-11f0-b1db-38d57a9b2324
2025-05-24 17:33:19,367 [INFO] [MainThread] [root/controller.py:12]: Reloading Application because of config update...
2025-05-24 17:33:19,479 [INFO] [MainThread] [cli_server/cli_server.py:112]: Log pipe server stopped
2025-05-24 17:33:19,479 [DEBUG] [MainThread] [cli_server/cli_server.py:206]: CLI server stopped
2025-05-24 17:33:19,482 [DEBUG] [MainThread] [qasync._windows._EventPoller/_windows.py:218]: Stopping worker thread...
2025-05-24 17:33:19,494 [DEBUG] [Dummy-8] [qasync._windows._EventWorker/_windows.py:201]: Exiting thread
2025-05-24 17:33:19,494 [DEBUG] [MainThread] [qasync._windows._IocpProactor/_windows.py:75]: Closing
2025-05-24 17:33:19,704 [INFO] [MainThread] [root/log.py:59]: Yasb v1.7.4
2025-05-24 17:33:19,704 [INFO] [Thread-1 (_run_server)] [cli_server/cli_server.py:212]: CLI server started v1.1.1
2025-05-24 17:33:19,704 [INFO] [MainThread] [cli_server/cli_server.py:104]: Log pipe server started
2025-05-24 17:33:19,871 [DEBUG] [MainThread] [comtypes/__init__.py:149]: CoInitializeEx(None, 2)
2025-05-24 17:33:19,927 [DEBUG] [MainThread] [tzlocal/win32.py:55]: Looking up time zone info from registry
2025-05-24 17:33:20,238 [INFO] [MainThread] [root/watcher.py:55]: Created file watcher for path C:\Users\taylo\.config\yasb
2025-05-24 17:33:20,299 [INFO] [Dummy-5] [root/event_listener.py:53]: Created named pipe yasb-6bcd7c21-38b4-11f0-812e-38d57a9b2324
2025-05-24 17:33:20,332 [DEBUG] [MainThread] [qasync._windows._EventPoller/_windows.py:213]: Starting (proactor: <_IocpProactor overlapped#=0 result#=0>)...
2025-05-24 17:33:20,339 [DEBUG] [Dummy-8] [qasync._windows._EventWorker/_windows.py:192]: Thread started
2025-05-24 17:33:20,398 [INFO] [Dummy-5] [root/event_listener.py:125]: Komorebi connected to named pipe: yasb-6bcd7c21-38b4-11f0-812e-38d57a9b2324
2025-05-24 17:33:35,658 [INFO] [MainThread] [root/controller.py:12]: Reloading Application because of config update...
2025-05-24 17:33:35,769 [INFO] [MainThread] [cli_server/cli_server.py:112]: Log pipe server stopped
2025-05-24 17:33:35,769 [DEBUG] [MainThread] [cli_server/cli_server.py:206]: CLI server stopped
2025-05-24 17:33:35,772 [DEBUG] [MainThread] [qasync._windows._EventPoller/_windows.py:218]: Stopping worker thread...
2025-05-24 17:33:35,784 [DEBUG] [Dummy-8] [qasync._windows._EventWorker/_windows.py:201]: Exiting thread
2025-05-24 17:33:35,784 [DEBUG] [MainThread] [qasync._windows._IocpProactor/_windows.py:75]: Closing
2025-05-24 17:33:35,997 [INFO] [MainThread] [root/log.py:59]: Yasb v1.7.4
2025-05-24 17:33:35,998 [INFO] [Thread-1 (_run_server)] [cli_server/cli_server.py:212]: CLI server started v1.1.1
2025-05-24 17:33:35,998 [INFO] [MainThread] [cli_server/cli_server.py:104]: Log pipe server started
2025-05-24 17:33:36,177 [DEBUG] [MainThread] [comtypes/__init__.py:149]: CoInitializeEx(None, 2)
2025-05-24 17:33:36,233 [DEBUG] [MainThread] [tzlocal/win32.py:55]: Looking up time zone info from registry
2025-05-24 17:33:36,558 [INFO] [MainThread] [root/watcher.py:55]: Created file watcher for path C:\Users\taylo\.config\yasb
2025-05-24 17:33:36,604 [INFO] [Dummy-5] [root/event_listener.py:53]: Created named pipe yasb-7587d1b9-38b4-11f0-b218-38d57a9b2324
2025-05-24 17:33:36,635 [DEBUG] [MainThread] [qasync._windows._EventPoller/_windows.py:213]: Starting (proactor: <_IocpProactor overlapped#=0 result#=0>)...
2025-05-24 17:33:36,638 [DEBUG] [Dummy-8] [qasync._windows._EventWorker/_windows.py:192]: Thread started
2025-05-24 17:33:36,694 [INFO] [Dummy-5] [root/event_listener.py:125]: Komorebi connected to named pipe: yasb-7587d1b9-38b4-11f0-b218-38d57a9b2324
2025-05-24 17:36:14,856 [INFO] [MainThread] [root/controller.py:12]: Reloading Application because of config update...
2025-05-24 17:36:14,958 [INFO] [MainThread] [cli_server/cli_server.py:112]: Log pipe server stopped
2025-05-24 17:36:14,958 [DEBUG] [MainThread] [cli_server/cli_server.py:206]: CLI server stopped
2025-05-24 17:36:14,962 [DEBUG] [MainThread] [qasync._windows._EventPoller/_windows.py:218]: Stopping worker thread...
2025-05-24 17:36:14,973 [DEBUG] [Dummy-8] [qasync._windows._EventWorker/_windows.py:201]: Exiting thread
2025-05-24 17:36:14,974 [DEBUG] [MainThread] [qasync._windows._IocpProactor/_windows.py:75]: Closing
2025-05-24 17:36:14,988 [ERROR] [Dummy-5] [root/event_service.py:30]: Failed to emit signal <bound PYQT_SIGNAL k_signal_update of WorkspaceWidget object at 0x000001BAD58D7D90>. Removing link to KomorebiEvent.KomorebiUpdate.
2025-05-24 17:36:14,988 [ERROR] [Dummy-5] [root/event_service.py:30]: Failed to emit signal <bound PYQT_SIGNAL k_signal_update of WorkspaceWidget object at 0x000001BAD5E0B750>. Removing link to KomorebiEvent.KomorebiUpdate.
2025-05-24 17:36:15,174 [INFO] [MainThread] [root/log.py:59]: Yasb v1.7.4
2025-05-24 17:36:15,174 [INFO] [Thread-1 (_run_server)] [cli_server/cli_server.py:212]: CLI server started v1.1.1
2025-05-24 17:36:15,175 [INFO] [MainThread] [cli_server/cli_server.py:104]: Log pipe server started
2025-05-24 17:36:15,369 [DEBUG] [MainThread] [comtypes/__init__.py:149]: CoInitializeEx(None, 2)
2025-05-24 17:36:15,425 [DEBUG] [MainThread] [tzlocal/win32.py:55]: Looking up time zone info from registry
2025-05-24 17:36:15,693 [INFO] [MainThread] [root/watcher.py:55]: Created file watcher for path C:\Users\taylo\.config\yasb
2025-05-24 17:36:15,715 [INFO] [Dummy-5] [root/event_listener.py:53]: Created named pipe yasb-d461ceb0-38b4-11f0-bded-38d57a9b2324
2025-05-24 17:36:15,739 [DEBUG] [MainThread] [qasync._windows._EventPoller/_windows.py:213]: Starting (proactor: <_IocpProactor overlapped#=0 result#=0>)...
2025-05-24 17:36:15,741 [DEBUG] [Dummy-8] [qasync._windows._EventWorker/_windows.py:192]: Thread started
2025-05-24 17:36:15,814 [INFO] [Dummy-5] [root/event_listener.py:125]: Komorebi connected to named pipe: yasb-d461ceb0-38b4-11f0-bded-38d57a9b2324
2025-05-24 17:36:23,565 [INFO] [MainThread] [root/controller.py:12]: Reloading Application because of config update...
2025-05-24 17:36:23,680 [INFO] [MainThread] [cli_server/cli_server.py:112]: Log pipe server stopped
2025-05-24 17:36:23,680 [DEBUG] [MainThread] [cli_server/cli_server.py:206]: CLI server stopped
2025-05-24 17:36:23,685 [DEBUG] [MainThread] [qasync._windows._EventPoller/_windows.py:218]: Stopping worker thread...
2025-05-24 17:36:23,696 [DEBUG] [Dummy-8] [qasync._windows._EventWorker/_windows.py:201]: Exiting thread
2025-05-24 17:36:23,696 [DEBUG] [MainThread] [qasync._windows._IocpProactor/_windows.py:75]: Closing
2025-05-24 17:36:23,902 [INFO] [MainThread] [root/log.py:59]: Yasb v1.7.4
2025-05-24 17:36:23,902 [INFO] [Thread-1 (_run_server)] [cli_server/cli_server.py:212]: CLI server started v1.1.1
2025-05-24 17:36:23,902 [INFO] [MainThread] [cli_server/cli_server.py:104]: Log pipe server started
2025-05-24 17:36:24,091 [DEBUG] [MainThread] [comtypes/__init__.py:149]: CoInitializeEx(None, 2)
2025-05-24 17:36:24,145 [DEBUG] [MainThread] [tzlocal/win32.py:55]: Looking up time zone info from registry
2025-05-24 17:36:24,413 [INFO] [MainThread] [root/watcher.py:55]: Created file watcher for path C:\Users\taylo\.config\yasb
2025-05-24 17:36:24,436 [INFO] [Dummy-5] [root/event_listener.py:53]: Created named pipe yasb-d9945cdc-38b4-11f0-b0db-38d57a9b2324
2025-05-24 17:36:24,463 [DEBUG] [MainThread] [qasync._windows._EventPoller/_windows.py:213]: Starting (proactor: <_IocpProactor overlapped#=0 result#=0>)...
2025-05-24 17:36:24,464 [DEBUG] [Dummy-8] [qasync._windows._EventWorker/_windows.py:192]: Thread started
2025-05-24 17:36:24,531 [INFO] [Dummy-5] [root/event_listener.py:125]: Komorebi connected to named pipe: yasb-d9945cdc-38b4-11f0-b0db-38d57a9b2324
